#
# A fatal error has been detected by the Java Runtime Environment:
#
#  SIGSEGV (0xb) at pc=0x0000000000000000, pid=10137, tid=0x00007fb502830700
#
# JRE version: OpenJDK Runtime Environment (8.0_152-b01) (build 1.8.0_152-release-1024-b01)
# Java VM: OpenJDK 64-Bit Server VM (25.152-b01 mixed mode linux-amd64 compressed oops)
# Problematic frame:
# C  0x0000000000000000
#
# Core dump written. Default location: /home/bscholtz/Rooster/workspace/rooster-android/core or core.10137
#
# If you would like to submit a bug report, please visit:
#   http://bugreport.java.com/bugreport/crash.jsp
#

---------------  T H R E A D  ---------------

Current thread (0x00007fb490001000):  JavaThread "RMI RenewClean-[localhost:41459,org.jetbrains.kotlin.daemon.common.LoopbackNetworkInterface$ClientLoopbackSocketFactory@2ac5fc1]" daemon [_thread_in_Java, id=13491, stack(0x00007fb502730000,0x00007fb502831000)]

siginfo: si_signo: 11 (SIGSEGV), si_code: 1 (SEGV_MAPERR), si_addr: 0x0000000000000000

Registers:
RAX=0x0000000000000000, RBX=0x00007fb528bf49f8, RCX=0x00007fb528d9bc40, RDX=0x00007fb529007d80
RSP=0x00007fb50282eab8, RBP=0x00007fb50282eb18, RSI=0x000000002001c9a1, RDI=0x0000000000000138
R8 =0x00000000a009d420, R9 =0x00000000000001f4, R10=0x00007fb53f687d20, R11=0x00007fb538018a30
R12=0x0000000000000000, R13=0x00007fb50282eac0, R14=0x00007fb50282eb38, R15=0x00007fb490001000
RIP=0x0000000000000000, EFLAGS=0x0000000000010246, CSGSFS=0x002b000000000033, ERR=0x0000000000000014
  TRAPNO=0x000000000000000e

Top of Stack: (sp=0x00007fb50282eab8)
0x00007fb50282eab8:   00007fb529007d80 0000000000000000
0x00007fb50282eac8:   00000000ef9d92f0 00000000ef9d92f0
0x00007fb50282ead8:   00007fb50282ead8 00007fb528d9ba63
0x00007fb50282eae8:   00007fb50282eb38 00007fb528d9bc40
0x00007fb50282eaf8:   0000000000000000 00007fb528d9baa0
0x00007fb50282eb08:   00007fb50282eac0 00007fb50282eb28
0x00007fb50282eb18:   00007fb50282eb80 00007fb529007e54
0x00007fb50282eb28:   000000000000a1f3 00000000aeddaa40
0x00007fb50282eb38:   00000000aeddaa80 00007fb50282eb40
0x00007fb50282eb48:   00007fb528ebcd36 00007fb50282eba8
0x00007fb50282eb58:   00007fb528ebd180 0000000000000000
0x00007fb50282eb68:   00007fb528ebce20 00007fb50282eb28
0x00007fb50282eb78:   00007fb50282eba8 00007fb50282ebf0
0x00007fb50282eb88:   00007fb529007d80 0000000000000000
0x00007fb50282eb98:   00000000aeddaa80 0000000000000000
0x00007fb50282eba8:   00000000aeddaa18 00007fb50282ebb0
0x00007fb50282ebb8:   00007fb528fc495e 00007fb50282ec58
0x00007fb50282ebc8:   00007fb528fc5350 00007fb4b1a03d20
0x00007fb50282ebd8:   00007fb528fc4b68 00007fb50282eba8
0x00007fb50282ebe8:   00007fb50282ec60 00007fb50282ed20
0x00007fb50282ebf8:   00007fb52c5ba624 0000000000000000
0x00007fb50282ec08:   0000000000000000 0000000000000000
0x00007fb50282ec18:   0000000000000000 0000000000000000
0x00007fb50282ec28:   0000000000000000 0000000000000000
0x00007fb50282ec38:   0000000000000000 0000000000000000
0x00007fb50282ec48:   0000000000000000 0000000000000000
0x00007fb50282ec58:   00000000aeddaad0 00007fb53f1edca1
0x00007fb50282ec68:   00007fb53f1edca1 00007fb50282f550
0x00007fb50282ec78:   00007fb53eff9b64 00000000aeddaad0
0x00007fb50282ec88:   00000000aeddab08 00007fb50282f480
0x00007fb50282ec98:   0000000000000000 0000000000000000
0x00007fb50282eca8:   0000000000000009 00000000aeddab08 

Instructions: (pc=0x0000000000000000)
0xffffffffffffffe0:   

Register to memory mapping:

RAX=0x0000000000000000 is an unknown value
RBX=0x00007fb528bf49f8 is pointing into metadata
RCX=0x00007fb528d9bc40 is pointing into metadata
RDX=0x00007fb529007d80 is at code_begin+1664 in an Interpreter codelet
invoke return entry points  [0x00007fb529007700, 0x00007fb5290080e0]  2528 bytes
RSP=0x00007fb50282eab8 is pointing into the stack for thread: 0x00007fb490001000
RBP=0x00007fb50282eb18 is pointing into the stack for thread: 0x00007fb490001000
RSI=0x000000002001c9a1 is an unknown value
RDI=0x0000000000000138 is an unknown value
R8 =0x00000000a009d420 is an oop
sun.rmi.runtime.Log$LoggerLog 
 - klass: 'sun/rmi/runtime/Log$LoggerLog'
R9 =0x00000000000001f4 is an unknown value
R10=0x00007fb53f687d20: <offset 0xeebd20> in /opt/android-studio-canary/jre/jre/lib/amd64/server/libjvm.so at 0x00007fb53e79c000
R11=0x00007fb538018a30 is an unknown value
R12=0x0000000000000000 is an unknown value
R13=0x00007fb50282eac0 is pointing into the stack for thread: 0x00007fb490001000
R14=0x00007fb50282eb38 is pointing into the stack for thread: 0x00007fb490001000
R15=0x00007fb490001000 is a thread


Stack: [0x00007fb502730000,0x00007fb502831000],  sp=0x00007fb50282eab8,  free space=1018k

---------------  P R O C E S S  ---------------

Java Threads: ( => current thread )
  0x00007fb494001000 JavaThread "RMI RenewClean-[localhost:41459,org.jetbrains.kotlin.daemon.common.LoopbackNetworkInterface$ClientLoopbackSocketFactory@2ab3e20c]" daemon [_thread_blocked, id=13865, stack(0x00007fb4b15b3000,0x00007fb4b16b4000)]
=>0x00007fb490001000 JavaThread "RMI RenewClean-[localhost:41459,org.jetbrains.kotlin.daemon.common.LoopbackNetworkInterface$ClientLoopbackSocketFactory@2ac5fc1]" daemon [_thread_in_Java, id=13491, stack(0x00007fb502730000,0x00007fb502831000)]
  0x00007fb4a400c800 JavaThread "RMI RenewClean-[localhost:33231,org.jetbrains.kotlin.daemon.common.LoopbackNetworkInterface$ClientLoopbackSocketFactory@43b1aa41]" daemon [_thread_in_Java, id=12659, stack(0x00007fb50202b000,0x00007fb50212c000)]
  0x00007fb49c001000 JavaThread "RMI RenewClean-[localhost:38623,org.jetbrains.kotlin.daemon.common.LoopbackNetworkInterface$ClientLoopbackSocketFactory@77b742d7]" daemon [_thread_in_Java, id=11606, stack(0x00007fb50242d000,0x00007fb50252e000)]
  0x00007fb4d000e000 JavaThread "RMI RenewClean-[localhost:38623,org.jetbrains.kotlin.daemon.common.LoopbackNetworkInterface$ClientLoopbackSocketFactory@14bd42c5]" daemon [_thread_blocked, id=10182, stack(0x00007fb501229000,0x00007fb50132a000)]
  0x00007fb4bc011800 JavaThread "RMI Scheduler(0)" daemon [_thread_blocked, id=10164, stack(0x00007fb50212c000,0x00007fb50222d000)]
  0x00007fb53800b000 JavaThread "DestroyJavaVM" [_thread_blocked, id=10139, stack(0x00007fb54016a000,0x00007fb54026b000)]
  0x00007fb53840c800 JavaThread "GC Daemon" daemon [_thread_blocked, id=10162, stack(0x00007fb50252e000,0x00007fb50262f000)]
  0x00007fb538406000 JavaThread "RMI Reaper" [_thread_blocked, id=10161, stack(0x00007fb50262f000,0x00007fb502730000)]
  0x00007fb5383f6800 JavaThread "Timer-0" daemon [_thread_in_vm, id=10159, stack(0x00007fb502831000,0x00007fb502932000)]
  0x00007fb5383f3000 JavaThread "RMI TCP Accept-17661" daemon [_thread_in_native, id=10158, stack(0x00007fb502932000,0x00007fb502a33000)]
  0x00007fb5380d2800 JavaThread "Service Thread" daemon [_thread_blocked, id=10156, stack(0x00007fb50330f000,0x00007fb503410000)]
  0x00007fb5380c7800 JavaThread "C1 CompilerThread3" daemon [_thread_in_vm, id=10155, stack(0x00007fb503410000,0x00007fb503511000)]
  0x00007fb5380c5800 JavaThread "C2 CompilerThread2" daemon [_thread_blocked, id=10154, stack(0x00007fb503511000,0x00007fb503612000)]
  0x00007fb5380c3800 JavaThread "C2 CompilerThread1" daemon [_thread_blocked, id=10153, stack(0x00007fb503612000,0x00007fb503713000)]
  0x00007fb5380ae800 JavaThread "C2 CompilerThread0" daemon [_thread_blocked, id=10152, stack(0x00007fb503713000,0x00007fb503814000)]
  0x00007fb5380be800 JavaThread "Signal Dispatcher" daemon [_thread_blocked, id=10151, stack(0x00007fb503814000,0x00007fb503915000)]
  0x00007fb53808c800 JavaThread "Finalizer" daemon [_thread_blocked, id=10150, stack(0x00007fb503afb000,0x00007fb503bfc000)]
  0x00007fb538088000 JavaThread "Reference Handler" daemon [_thread_blocked, id=10149, stack(0x00007fb503bfc000,0x00007fb503cfd000)]

Other Threads:
  0x00007fb538080800 VMThread [stack: 0x00007fb503cfd000,0x00007fb503dfe000] [id=10148]
  0x00007fb5380d5000 WatcherThread [stack: 0x00007fb50320e000,0x00007fb50330f000] [id=10157]

VM state:not at safepoint (normal execution)

VM Mutex/Monitor currently owned by a thread:  ([mutex/lock_event])
[0x00007fb538007b10] CodeCache_lock - owner thread: 0x00007fb5380c7800
[0x00007fb538009190] Compile_lock - owner thread: 0x00007fb5380c7800
[0x00007fb538009290] MethodCompileQueue_lock - owner thread: 0x00007fb5380c7800

Heap:
 PSYoungGen      total 411648K, used 255844K [0x00000000e0000000, 0x0000000100000000, 0x0000000100000000)
  eden space 307712K, 83% used [0x00000000e0000000,0x00000000ef9d9330,0x00000000f2c80000)
  from space 103936K, 0% used [0x00000000f2c80000,0x00000000f2c80000,0x00000000f9200000)
  to   space 103424K, 0% used [0x00000000f9b00000,0x00000000f9b00000,0x0000000100000000)
 ParOldGen       total 635904K, used 378622K [0x00000000a0000000, 0x00000000c6d00000, 0x00000000e0000000)
  object space 635904K, 59% used [0x00000000a0000000,0x00000000b71bf9f0,0x00000000c6d00000)
 Metaspace       used 122435K, capacity 125888K, committed 134144K, reserved 1167360K
  class space    used 14409K, capacity 15312K, committed 16896K, reserved 1048576K

Card table byte_map: [0x00007fb53d318000,0x00007fb53d619000] byte_map_base: 0x00007fb53ce18000

Marking Bits: (ParMarkBitMap*) 0x00007fb53f676440
 Begin Bits: [0x00007fb509000000, 0x00007fb50a800000)
 End Bits:   [0x00007fb50a800000, 0x00007fb50c000000)

Polling page: 0x00007fb5402b6000

CodeCache: size=245760Kb used=93828Kb max_used=102081Kb free=151931Kb
 bounds [0x00007fb529000000, 0x00007fb52f430000, 0x00007fb538000000]
 total_blobs=25457 nmethods=24897 adapters=468
 compilation: enabled

Compilation events (10 events):
Event: 1883.160 Thread 0x00007fb5380c3800 nmethod 34532 0x00007fb52a3fe350 code [0x00007fb52a3fe500, 0x00007fb52a3feff8]
Event: 1883.161 Thread 0x00007fb5380c3800 34846       4       com.sun.tools.javac.code.Scope::enter (22 bytes)
Event: 1883.162 Thread 0x00007fb5380c3800 nmethod 34846 0x00007fb5299fa310 code [0x00007fb5299fa460, 0x00007fb5299fa518]
Event: 1883.162 Thread 0x00007fb5380c3800 34856       4       com.sun.tools.javac.code.Symbol$VarSymbol::<init> (22 bytes)
Event: 1883.163 Thread 0x00007fb5380c3800 nmethod 34856 0x00007fb5291fbb90 code [0x00007fb5291fbce0, 0x00007fb5291fbd78]
Event: 1883.425 Thread 0x00007fb5380c5800 nmethod 34790 0x00007fb52c55d210 code [0x00007fb52c55e420, 0x00007fb52c567cb8]
Event: 1883.447 Thread 0x00007fb5380ae800 nmethod 34770 0x00007fb52c538110 code [0x00007fb52c538fe0, 0x00007fb52c5423c8]
Event: 1909.308 Thread 0x00007fb5380c7800 34876       3       java.util.concurrent.ScheduledThreadPoolExecutor$DelayedWorkQueue::setIndex (16 bytes)
Event: 1909.457 Thread 0x00007fb5380c7800 nmethod 34876 0x00007fb529d9dad0 code [0x00007fb529d9dc40, 0x00007fb529d9dfb0]
Event: 2014.744 Thread 0x00007fb5380c7800 34877       3       java.util.concurrent.ThreadPoolExecutor::workerCountOf (5 bytes)

GC Heap History (10 events):
Event: 1876.002 GC heap before
{Heap before GC invocations=43 (full 9):
 PSYoungGen      total 420352K, used 317952K [0x00000000e0000000, 0x0000000100000000, 0x0000000100000000)
  eden space 317952K, 100% used [0x00000000e0000000,0x00000000f3680000,0x00000000f3680000)
  from space 102400K, 0% used [0x00000000f3680000,0x00000000f3680000,0x00000000f9a80000)
  to   space 102400K, 0% used [0x00000000f9c00000,0x00000000f9c00000,0x0000000100000000)
 ParOldGen       total 615424K, used 378359K [0x00000000a0000000, 0x00000000c5900000, 0x00000000e0000000)
  object space 615424K, 61% used [0x00000000a0000000,0x00000000b717dcd8,0x00000000c5900000)
 Metaspace       used 122546K, capacity 126122K, committed 126208K, reserved 1161216K
  class space    used 14446K, capacity 15351K, committed 15360K, reserved 1048576K
Event: 1876.043 GC heap after
Heap after GC invocations=43 (full 9):
 PSYoungGen      total 405504K, used 79700K [0x00000000e0000000, 0x0000000100000000, 0x0000000100000000)
  eden space 303104K, 0% used [0x00000000e0000000,0x00000000e0000000,0x00000000f2800000)
  from space 102400K, 77% used [0x00000000f9c00000,0x00000000fe9d52d8,0x0000000100000000)
  to   space 110592K, 0% used [0x00000000f2800000,0x00000000f2800000,0x00000000f9400000)
 ParOldGen       total 615424K, used 378367K [0x00000000a0000000, 0x00000000c5900000, 0x00000000e0000000)
  object space 615424K, 61% used [0x00000000a0000000,0x00000000b717fcd8,0x00000000c5900000)
 Metaspace       used 122546K, capacity 126122K, committed 126208K, reserved 1161216K
  class space    used 14446K, capacity 15351K, committed 15360K, reserved 1048576K
}
Event: 1878.205 GC heap before
{Heap before GC invocations=44 (full 9):
 PSYoungGen      total 405504K, used 382804K [0x00000000e0000000, 0x0000000100000000, 0x0000000100000000)
  eden space 303104K, 100% used [0x00000000e0000000,0x00000000f2800000,0x00000000f2800000)
  from space 102400K, 77% used [0x00000000f9c00000,0x00000000fe9d52d8,0x0000000100000000)
  to   space 110592K, 0% used [0x00000000f2800000,0x00000000f2800000,0x00000000f9400000)
 ParOldGen       total 615424K, used 378367K [0x00000000a0000000, 0x00000000c5900000, 0x00000000e0000000)
  object space 615424K, 61% used [0x00000000a0000000,0x00000000b717fcd8,0x00000000c5900000)
 Metaspace       used 123083K, capacity 126668K, committed 126848K, reserved 1161216K
  class space    used 14503K, capacity 15424K, committed 15488K, reserved 1048576K
Event: 1878.264 GC heap after
Heap after GC invocations=44 (full 9):
 PSYoungGen      total 413696K, used 33992K [0x00000000e0000000, 0x00000000fff00000, 0x0000000100000000)
  eden space 303104K, 0% used [0x00000000e0000000,0x00000000e0000000,0x00000000f2800000)
  from space 110592K, 30% used [0x00000000f2800000,0x00000000f4932350,0x00000000f9400000)
  to   space 105984K, 0% used [0x00000000f9780000,0x00000000f9780000,0x00000000fff00000)
 ParOldGen       total 615424K, used 452387K [0x00000000a0000000, 0x00000000c5900000, 0x00000000e0000000)
  object space 615424K, 73% used [0x00000000a0000000,0x00000000bb9c8d18,0x00000000c5900000)
 Metaspace       used 123083K, capacity 126668K, committed 126848K, reserved 1161216K
  class space    used 14503K, capacity 15424K, committed 15488K, reserved 1048576K
}
Event: 1879.456 GC heap before
{Heap before GC invocations=45 (full 9):
 PSYoungGen      total 413696K, used 337096K [0x00000000e0000000, 0x00000000fff00000, 0x0000000100000000)
  eden space 303104K, 100% used [0x00000000e0000000,0x00000000f2800000,0x00000000f2800000)
  from space 110592K, 30% used [0x00000000f2800000,0x00000000f4932350,0x00000000f9400000)
  to   space 105984K, 0% used [0x00000000f9780000,0x00000000f9780000,0x00000000fff00000)
 ParOldGen       total 615424K, used 452387K [0x00000000a0000000, 0x00000000c5900000, 0x00000000e0000000)
  object space 615424K, 73% used [0x00000000a0000000,0x00000000bb9c8d18,0x00000000c5900000)
 Metaspace       used 124254K, capacity 127996K, committed 128256K, reserved 1161216K
  class space    used 14613K, capacity 15568K, committed 15616K, reserved 1048576K
Event: 1879.494 GC heap after
Heap after GC invocations=45 (full 9):
 PSYoungGen      total 406016K, used 55086K [0x00000000e0000000, 0x00000000ff780000, 0x0000000100000000)
  eden space 307712K, 0% used [0x00000000e0000000,0x00000000e0000000,0x00000000f2c80000)
  from space 98304K, 56% used [0x00000000f9780000,0x00000000fcd4b8f0,0x00000000ff780000)
  to   space 103936K, 0% used [0x00000000f2c80000,0x00000000f2c80000,0x00000000f9200000)
 ParOldGen       total 615424K, used 479344K [0x00000000a0000000, 0x00000000c5900000, 0x00000000e0000000)
  object space 615424K, 77% used [0x00000000a0000000,0x00000000bd41c078,0x00000000c5900000)
 Metaspace       used 124254K, capacity 127996K, committed 128256K, reserved 1161216K
  class space    used 14613K, capacity 15568K, committed 15616K, reserved 1048576K
}
Event: 1881.816 GC heap before
{Heap before GC invocations=46 (full 9):
 PSYoungGen      total 406016K, used 362798K [0x00000000e0000000, 0x00000000ff780000, 0x0000000100000000)
  eden space 307712K, 100% used [0x00000000e0000000,0x00000000f2c80000,0x00000000f2c80000)
  from space 98304K, 56% used [0x00000000f9780000,0x00000000fcd4b8f0,0x00000000ff780000)
  to   space 103936K, 0% used [0x00000000f2c80000,0x00000000f2c80000,0x00000000f9200000)
 ParOldGen       total 615424K, used 479344K [0x00000000a0000000, 0x00000000c5900000, 0x00000000e0000000)
  object space 615424K, 77% used [0x00000000a0000000,0x00000000bd41c078,0x00000000c5900000)
 Metaspace       used 133919K, capacity 137892K, committed 138240K, reserved 1171456K
  class space    used 15825K, capacity 16842K, committed 16896K, reserved 1048576K
Event: 1881.855 GC heap after
Heap after GC invocations=46 (full 9):
 PSYoungGen      total 411648K, used 12181K [0x00000000e0000000, 0x0000000100000000, 0x0000000100000000)
  eden space 307712K, 0% used [0x00000000e0000000,0x00000000e0000000,0x00000000f2c80000)
  from space 103936K, 11% used [0x00000000f2c80000,0x00000000f3865730,0x00000000f9200000)
  to   space 103424K, 0% used [0x00000000f9b00000,0x00000000f9b00000,0x0000000100000000)
 ParOldGen       total 615424K, used 530734K [0x00000000a0000000, 0x00000000c5900000, 0x00000000e0000000)
  object space 615424K, 86% used [0x00000000a0000000,0x00000000c064baf8,0x00000000c5900000)
 Metaspace       used 133919K, capacity 137892K, committed 138240K, reserved 1171456K
  class space    used 15825K, capacity 16842K, committed 16896K, reserved 1048576K
}
Event: 1881.855 GC heap before
{Heap before GC invocations=47 (full 10):
 PSYoungGen      total 411648K, used 12181K [0x00000000e0000000, 0x0000000100000000, 0x0000000100000000)
  eden space 307712K, 0% used [0x00000000e0000000,0x00000000e0000000,0x00000000f2c80000)
  from space 103936K, 11% used [0x00000000f2c80000,0x00000000f3865730,0x00000000f9200000)
  to   space 103424K, 0% used [0x00000000f9b00000,0x00000000f9b00000,0x0000000100000000)
 ParOldGen       total 615424K, used 530734K [0x00000000a0000000, 0x00000000c5900000, 0x00000000e0000000)
  object space 615424K, 86% used [0x00000000a0000000,0x00000000c064baf8,0x00000000c5900000)
 Metaspace       used 133919K, capacity 137892K, committed 138240K, reserved 1171456K
  class space    used 15825K, capacity 16842K, committed 16896K, reserved 1048576K
Event: 1882.305 GC heap after
Heap after GC invocations=47 (full 10):
 PSYoungGen      total 411648K, used 0K [0x00000000e0000000, 0x0000000100000000, 0x0000000100000000)
  eden space 307712K, 0% used [0x00000000e0000000,0x00000000e0000000,0x00000000f2c80000)
  from space 103936K, 0% used [0x00000000f2c80000,0x00000000f2c80000,0x00000000f9200000)
  to   space 103424K, 0% used [0x00000000f9b00000,0x00000000f9b00000,0x0000000100000000)
 ParOldGen       total 635904K, used 378622K [0x00000000a0000000, 0x00000000c6d00000, 0x00000000e0000000)
  object space 635904K, 59% used [0x00000000a0000000,0x00000000b71bf9f0,0x00000000c6d00000)
 Metaspace       used 122176K, capacity 125646K, committed 134144K, reserved 1167360K
  class space    used 14379K, capacity 15277K, committed 16896K, reserved 1048576K
}

Deoptimization events (10 events):
Event: 1881.770 Thread 0x00007fb4d8005800 Uncommon trap: reason=class_check action=maybe_recompile pc=0x00007fb52f30cfc8 method=org.openjdk.tools.javac.parser.Scanner.nextToken()V @ 31
Event: 1881.771 Thread 0x00007fb4d8005800 Uncommon trap: reason=class_check action=maybe_recompile pc=0x00007fb52f30cfc8 method=org.openjdk.tools.javac.parser.Scanner.nextToken()V @ 31
Event: 1881.771 Thread 0x00007fb4d8005800 Uncommon trap: reason=class_check action=maybe_recompile pc=0x00007fb52f30cfc8 method=org.openjdk.tools.javac.parser.Scanner.nextToken()V @ 31
Event: 1882.639 Thread 0x00007fb4d8005800 Uncommon trap: reason=bimorphic action=maybe_recompile pc=0x00007fb52f30a6d0 method=com.squareup.javapoet.CodeWriter.emitAndIndent(Ljava/lang/String;)Lcom/squareup/javapoet/CodeWriter; @ 194
Event: 1882.639 Thread 0x00007fb4d8005800 Uncommon trap: reason=bimorphic action=maybe_recompile pc=0x00007fb52f309d88 method=com.squareup.javapoet.CodeWriter.emitAndIndent(Ljava/lang/String;)Lcom/squareup/javapoet/CodeWriter; @ 91
Event: 1882.639 Thread 0x00007fb4d8005800 Uncommon trap: reason=bimorphic action=maybe_recompile pc=0x00007fb52f309d88 method=com.squareup.javapoet.CodeWriter.emitAndIndent(Ljava/lang/String;)Lcom/squareup/javapoet/CodeWriter; @ 91
Event: 1882.639 Thread 0x00007fb4d8005800 Uncommon trap: reason=bimorphic action=maybe_recompile pc=0x00007fb52f309d88 method=com.squareup.javapoet.CodeWriter.emitAndIndent(Ljava/lang/String;)Lcom/squareup/javapoet/CodeWriter; @ 91
Event: 1882.641 Thread 0x00007fb4d8005800 Uncommon trap: reason=unstable_if action=reinterpret pc=0x00007fb52f40f790 method=com.squareup.javapoet.CodeWriter.emitLiteral(Ljava/lang/Object;)V @ 4
Event: 1882.787 Thread 0x00007fb4d8005800 Uncommon trap: reason=null_check action=make_not_entrant pc=0x00007fb52ef1f648 method=com.sun.tools.javac.code.Types.closure(Lcom/sun/tools/javac/code/Type;)Lcom/sun/tools/javac/util/List; @ 10
Event: 1993.738 Thread 0x00007fb4d8005800 Uncommon trap: reason=unstable_if action=reinterpret pc=0x00007fb52a2d48f4 method=java.util.concurrent.locks.ReentrantLock$Sync.nonfairTryAcquire(I)Z @ 34

Classes redefined (0 events):
No events

Internal exceptions (10 events):
Event: 1878.798 Thread 0x00007fb4d8003000 Exception <a 'sun/nio/fs/UnixException'> (0x00000000e7fd4390) thrown at [/usr/local/google/home/ralucas/source/AOSP-openjdk-git/jdk8u/hotspot/src/share/vm/prims/jni.cpp, line 709]
Event: 1878.799 Thread 0x00007fb4d8003000 Exception <a 'sun/nio/fs/UnixException'> (0x00000000e7ffa190) thrown at [/usr/local/google/home/ralucas/source/AOSP-openjdk-git/jdk8u/hotspot/src/share/vm/prims/jni.cpp, line 709]
Event: 1878.800 Thread 0x00007fb4d8003000 Exception <a 'sun/nio/fs/UnixException'> (0x00000000e80125b0) thrown at [/usr/local/google/home/ralucas/source/AOSP-openjdk-git/jdk8u/hotspot/src/share/vm/prims/jni.cpp, line 709]
Event: 1878.802 Thread 0x00007fb4d8003000 Exception <a 'sun/nio/fs/UnixException'> (0x00000000e802ffd8) thrown at [/usr/local/google/home/ralucas/source/AOSP-openjdk-git/jdk8u/hotspot/src/share/vm/prims/jni.cpp, line 709]
Event: 1878.803 Thread 0x00007fb4d8003000 Exception <a 'sun/nio/fs/UnixException'> (0x00000000e804f4c0) thrown at [/usr/local/google/home/ralucas/source/AOSP-openjdk-git/jdk8u/hotspot/src/share/vm/prims/jni.cpp, line 709]
Event: 1878.806 Thread 0x00007fb4d8003000 Exception <a 'sun/nio/fs/UnixException'> (0x00000000e8274668) thrown at [/usr/local/google/home/ralucas/source/AOSP-openjdk-git/jdk8u/hotspot/src/share/vm/prims/jni.cpp, line 709]
Event: 1878.973 Thread 0x00007fb494001000 Exception <a 'java/lang/InterruptedException'> (0x00000000e9553c08) thrown at [/usr/local/google/home/ralucas/source/AOSP-openjdk-git/jdk8u/hotspot/src/share/vm/runtime/objectMonitor.cpp, line 1684]
Event: 1880.717 Thread 0x00007fb4d8005800 Implicit null exception at 0x00007fb52f0368c0 to 0x00007fb52f0369b5
Event: 1880.717 Thread 0x00007fb4d8005800 Implicit null exception at 0x00007fb52f0105f0 to 0x00007fb52f0106cd
Event: 1882.787 Thread 0x00007fb4d8005800 Implicit null exception at 0x00007fb52ef1db58 to 0x00007fb52ef1f5fd

Events (10 events):
Event: 1905.171 Executing VM operation: RevokeBias
Event: 1905.171 Executing VM operation: RevokeBias done
Event: 1909.301 Executing VM operation: RevokeBias
Event: 1909.330 Executing VM operation: RevokeBias done
Event: 1993.684 Thread 0x00007fb4d8005800 Uncommon trap: trap_request=0xffffff65 fr.pc=0x00007fb52a2d48f4
Event: 1993.821 Thread 0x00007fb4d8005800 DEOPT PACKING pc=0x00007fb52a2d48f4 sp=0x00007fb4a32fd8b0
Event: 2014.735 Thread 0x00007fb4d8003000 Thread exited: 0x00007fb4d8003000
Event: 2014.742 Thread 0x00007fb4d8001800 Thread exited: 0x00007fb4d8001800
Event: 2014.753 Thread 0x00007fb4d8005800 DEOPT UNPACKING pc=0x00007fb52904547a sp=0x00007fb4a32fd6f0 mode 2
Event: 2014.804 Thread 0x00007fb4d8005800 Thread exited: 0x00007fb4d8005800


Dynamic libraries:
00400000-00401000 r-xp 00000000 fe:02 800121                             /opt/android-studio-canary/jre/jre/bin/java
00600000-00601000 r--p 00000000 fe:02 800121                             /opt/android-studio-canary/jre/jre/bin/java
00601000-00602000 rw-p 00001000 fe:02 800121                             /opt/android-studio-canary/jre/jre/bin/java
01c53000-01c74000 rw-p 00000000 00:00 0                                  [heap]
a0000000-c6d00000 rw-p 00000000 00:00 0 
c6d00000-e0000000 ---p 00000000 00:00 0 
e0000000-100000000 rw-p 00000000 00:00 0 
100000000-101080000 rw-p 00000000 00:00 0 
101080000-140000000 ---p 00000000 00:00 0 
7fb488000000-7fb488021000 rw-p 00000000 00:00 0 
7fb488021000-7fb48c000000 ---p 00000000 00:00 0 
7fb490000000-7fb4905ee000 rw-p 00000000 00:00 0 
7fb4905ee000-7fb494000000 ---p 00000000 00:00 0 
7fb494000000-7fb494600000 rw-p 00000000 00:00 0 
7fb494600000-7fb498000000 ---p 00000000 00:00 0 
7fb498000000-7fb498021000 rw-p 00000000 00:00 0 
7fb498021000-7fb49c000000 ---p 00000000 00:00 0 
7fb49c000000-7fb49c5e9000 rw-p 00000000 00:00 0 
7fb49c5e9000-7fb4a0000000 ---p 00000000 00:00 0 
7fb4a1cfd000-7fb4a1d7d000 rw-p 00000000 00:00 0 
7fb4a1d7d000-7fb4a1efd000 ---p 00000000 00:00 0 
7fb4a1efd000-7fb4a20fd000 rw-p 00000000 00:00 0 
7fb4a20fd000-7fb4a22fd000 rw-p 00000000 00:00 0 
7fb4a22fd000-7fb4a24fd000 rw-p 00000000 00:00 0 
7fb4a24fd000-7fb4a26fd000 rw-p 00000000 00:00 0 
7fb4a26fd000-7fb4a2700000 ---p 00000000 00:00 0 
7fb4a2700000-7fb4a29fe000 rw-p 00000000 00:00 0 
7fb4a29fe000-7fb4a2bfe000 rw-p 00000000 00:00 0 
7fb4a2bfe000-7fb4a2dfe000 rw-p 00000000 00:00 0 
7fb4a2dfe000-7fb4a2ffe000 rw-p 00000000 00:00 0 
7fb4a2ffe000-7fb4a31fe000 rw-p 00000000 00:00 0 
7fb4a31fe000-7fb4a3201000 ---p 00000000 00:00 0 
7fb4a3201000-7fb4a34ff000 rw-p 00000000 00:00 0 
7fb4a34ff000-7fb4a36ff000 rw-p 00000000 00:00 0 
7fb4a36ff000-7fb4a38ff000 rw-p 00000000 00:00 0 
7fb4a38ff000-7fb4a3aff000 rw-p 00000000 00:00 0 
7fb4a3aff000-7fb4a3cff000 rw-p 00000000 00:00 0 
7fb4a3cff000-7fb4a3d02000 ---p 00000000 00:00 0 
7fb4a3d02000-7fb4a4000000 rw-p 00000000 00:00 0 
7fb4a4000000-7fb4a47c4000 rw-p 00000000 00:00 0 
7fb4a47c4000-7fb4a8000000 ---p 00000000 00:00 0 
7fb4a8000000-7fb4a86b2000 rw-p 00000000 00:00 0 
7fb4a86b2000-7fb4ac000000 ---p 00000000 00:00 0 
7fb4ac000000-7fb4ac021000 rw-p 00000000 00:00 0 
7fb4ac021000-7fb4b0000000 ---p 00000000 00:00 0 
7fb4b00b2000-7fb4b00b5000 ---p 00000000 00:00 0 
7fb4b00b5000-7fb4b03b3000 rw-p 00000000 00:00 0 
7fb4b03b3000-7fb4b05b3000 rw-p 00000000 00:00 0 
7fb4b05b3000-7fb4b07b3000 rw-p 00000000 00:00 0 
7fb4b07b3000-7fb4b09b3000 rw-p 00000000 00:00 0 
7fb4b09b3000-7fb4b0bb3000 rw-p 00000000 00:00 0 
7fb4b0bb3000-7fb4b0db3000 rw-p 00000000 00:00 0 
7fb4b0db3000-7fb4b0fb3000 rw-p 00000000 00:00 0 
7fb4b11b3000-7fb4b13b3000 rw-p 00000000 00:00 0 
7fb4b15b3000-7fb4b15b6000 ---p 00000000 00:00 0 
7fb4b15b6000-7fb4b18b4000 rw-p 00000000 00:00 0 
7fb4b18b4000-7fb4b1ab4000 rw-p 00000000 00:00 0 
7fb4b1ab4000-7fb4b1cb4000 rw-p 00000000 00:00 0 
7fb4b1cb4000-7fb4b1eb4000 rw-p 00000000 00:00 0 
7fb4b1eb4000-7fb4b20b4000 rw-p 00000000 00:00 0 
7fb4b20b4000-7fb4b22b4000 rw-p 00000000 00:00 0 
7fb4b22b4000-7fb4b22b7000 ---p 00000000 00:00 0 
7fb4b22b7000-7fb4b23b5000 rw-p 00000000 00:00 0 
7fb4b23b5000-7fb4b23c8000 r-xp 00000000 fe:02 5113997                    /usr/lib/libresolv-2.26.so
7fb4b23c8000-7fb4b25c8000 ---p 00013000 fe:02 5113997                    /usr/lib/libresolv-2.26.so
7fb4b25c8000-7fb4b25c9000 r--p 00013000 fe:02 5113997                    /usr/lib/libresolv-2.26.so
7fb4b25c9000-7fb4b25ca000 rw-p 00014000 fe:02 5113997                    /usr/lib/libresolv-2.26.so
7fb4b25ca000-7fb4b25cc000 rw-p 00000000 00:00 0 
7fb4b25cc000-7fb4b25d1000 r-xp 00000000 fe:02 5114011                    /usr/lib/libnss_dns-2.26.so
7fb4b25d1000-7fb4b27d0000 ---p 00005000 fe:02 5114011                    /usr/lib/libnss_dns-2.26.so
7fb4b27d0000-7fb4b27d1000 r--p 00004000 fe:02 5114011                    /usr/lib/libnss_dns-2.26.so
7fb4b27d1000-7fb4b27d2000 rw-p 00005000 fe:02 5114011                    /usr/lib/libnss_dns-2.26.so
7fb4b27d2000-7fb4b2809000 r-xp 00000000 fe:02 5115593                    /usr/lib/libnss_resolve.so.2
7fb4b2809000-7fb4b2a09000 ---p 00037000 fe:02 5115593                    /usr/lib/libnss_resolve.so.2
7fb4b2a09000-7fb4b2a0c000 r--p 00037000 fe:02 5115593                    /usr/lib/libnss_resolve.so.2
7fb4b2a0c000-7fb4b2a0d000 rw-p 0003a000 fe:02 5115593                    /usr/lib/libnss_resolve.so.2
7fb4b2a0d000-7fb4b2a45000 r-xp 00000000 fe:02 5115576                    /usr/lib/libnss_mymachines.so.2
7fb4b2a45000-7fb4b2c44000 ---p 00038000 fe:02 5115576                    /usr/lib/libnss_mymachines.so.2
7fb4b2c44000-7fb4b2c47000 r--p 00037000 fe:02 5115576                    /usr/lib/libnss_mymachines.so.2
7fb4b2c47000-7fb4b2c48000 rw-p 0003a000 fe:02 5115576                    /usr/lib/libnss_mymachines.so.2
7fb4b2c92000-7fb4b2c95000 ---p 00000000 00:00 0 
7fb4b2c95000-7fb4b2f93000 rw-p 00000000 00:00 0 
7fb4b3000000-7fb4b3200000 rw-p 00000000 00:00 0 
7fb4b3200000-7fb4b3400000 rw-p 00000000 00:00 0 
7fb4b3400000-7fb4b3600000 rw-p 00000000 00:00 0 
7fb4b3600000-7fb4b3800000 rw-p 00000000 00:00 0 
7fb4b3800000-7fb4b3a00000 rw-p 00000000 00:00 0 
7fb4b3a00000-7fb4b3c00000 rw-p 00000000 00:00 0 
7fb4b3c00000-7fb4b3e00000 rw-p 00000000 00:00 0 
7fb4b3e00000-7fb4b4000000 rw-p 00000000 00:00 0 
7fb4b4000000-7fb4b58b1000 rw-p 00000000 00:00 0 
7fb4b58b1000-7fb4b8000000 ---p 00000000 00:00 0 
7fb4b8000000-7fb4b8021000 rw-p 00000000 00:00 0 
7fb4b8021000-7fb4bc000000 ---p 00000000 00:00 0 
7fb4bc000000-7fb4bc021000 rw-p 00000000 00:00 0 
7fb4bc021000-7fb4c0000000 ---p 00000000 00:00 0 
7fb4c0000000-7fb4c0021000 rw-p 00000000 00:00 0 
7fb4c0021000-7fb4c4000000 ---p 00000000 00:00 0 
7fb4c4000000-7fb4c4021000 rw-p 00000000 00:00 0 
7fb4c4021000-7fb4c8000000 ---p 00000000 00:00 0 
7fb4c8000000-7fb4c8021000 rw-p 00000000 00:00 0 
7fb4c8021000-7fb4cc000000 ---p 00000000 00:00 0 
7fb4cc000000-7fb4cc021000 rw-p 00000000 00:00 0 
7fb4cc021000-7fb4d0000000 ---p 00000000 00:00 0 
7fb4d0000000-7fb4d0b38000 rw-p 00000000 00:00 0 
7fb4d0b38000-7fb4d4000000 ---p 00000000 00:00 0 
7fb4d4000000-7fb4d4021000 rw-p 00000000 00:00 0 
7fb4d4021000-7fb4d8000000 ---p 00000000 00:00 0 
7fb4d8000000-7fb4d8021000 rw-p 00000000 00:00 0 
7fb4d8021000-7fb4dc000000 ---p 00000000 00:00 0 
7fb4dc000000-7fb4dd92d000 rw-p 00000000 00:00 0 
7fb4dd92d000-7fb4e0000000 ---p 00000000 00:00 0 
7fb4e0000000-7fb4e0021000 rw-p 00000000 00:00 0 
7fb4e0021000-7fb4e4000000 ---p 00000000 00:00 0 
7fb4e4000000-7fb4e598a000 rw-p 00000000 00:00 0 
7fb4e598a000-7fb4e8000000 ---p 00000000 00:00 0 
7fb4e8000000-7fb4e9d07000 rw-p 00000000 00:00 0 
7fb4e9d07000-7fb4ec000000 ---p 00000000 00:00 0 
7fb4ec000000-7fb4ec021000 rw-p 00000000 00:00 0 
7fb4ec021000-7fb4f0000000 ---p 00000000 00:00 0 
7fb4f0000000-7fb4f1d09000 rw-p 00000000 00:00 0 
7fb4f1d09000-7fb4f4000000 ---p 00000000 00:00 0 
7fb4f4000000-7fb4f4021000 rw-p 00000000 00:00 0 
7fb4f4021000-7fb4f8000000 ---p 00000000 00:00 0 
7fb4f8000000-7fb4f8021000 rw-p 00000000 00:00 0 
7fb4f8021000-7fb4fc000000 ---p 00000000 00:00 0 
7fb4fc000000-7fb4fc3ce000 rw-p 00000000 00:00 0 
7fb4fc3ce000-7fb500000000 ---p 00000000 00:00 0 
7fb500162000-7fb5001a3000 r--s 00495000 fe:03 1838990                    /home/bscholtz/.gradle/caches/modules-2/files-2.1/com.google.dagger/dagger-compiler/2.9/276b9c7acc73acb449e1837a47623a7b94afd90b/dagger-compiler-2.9.jar
7fb5001a3000-7fb5003a3000 rw-p 00000000 00:00 0 
7fb5003a3000-7fb5005a3000 rw-p 00000000 00:00 0 
7fb5005a3000-7fb5007a3000 rw-p 00000000 00:00 0 
7fb5007a3000-7fb5009a3000 rw-p 00000000 00:00 0 
7fb5009a3000-7fb500ba3000 rw-p 00000000 00:00 0 
7fb500ba3000-7fb500da3000 rw-p 00000000 00:00 0 
7fb500e08000-7fb500e0a000 r--s 0000d000 fe:03 1708725                    /home/bscholtz/.gradle/caches/modules-2/files-2.1/com.jakewharton/butterknife-compiler/8.8.0/c12246b027ec055d6641b5ee7819811507f5016d/butterknife-compiler-8.8.0.jar
7fb500e1d000-7fb50101d000 rw-p 00000000 00:00 0 
7fb50101d000-7fb50121d000 rw-p 00000000 00:00 0 
7fb501229000-7fb50122c000 ---p 00000000 00:00 0 
7fb50122c000-7fb50152a000 rw-p 00000000 00:00 0 
7fb50152a000-7fb50172a000 rw-p 00000000 00:00 0 
7fb50172a000-7fb50192a000 rw-p 00000000 00:00 0 
7fb50192a000-7fb501b2a000 rw-p 00000000 00:00 0 
7fb501b2a000-7fb501d2a000 rw-p 00000000 00:00 0 
7fb501d2a000-7fb501f2a000 rw-p 00000000 00:00 0 
7fb501f2a000-7fb501f2d000 ---p 00000000 00:00 0 
7fb501f2d000-7fb50202b000 rw-p 00000000 00:00 0 
7fb50202b000-7fb50202e000 ---p 00000000 00:00 0 
7fb50202e000-7fb50212c000 rw-p 00000000 00:00 0 
7fb50212c000-7fb50212f000 ---p 00000000 00:00 0 
7fb50212f000-7fb50242d000 rw-p 00000000 00:00 0 
7fb50242d000-7fb502430000 ---p 00000000 00:00 0 
7fb502430000-7fb50252e000 rw-p 00000000 00:00 0 
7fb50252e000-7fb502531000 ---p 00000000 00:00 0 
7fb502531000-7fb50262f000 rw-p 00000000 00:00 0 
7fb50262f000-7fb502632000 ---p 00000000 00:00 0 
7fb502632000-7fb502730000 rw-p 00000000 00:00 0 
7fb502730000-7fb502733000 ---p 00000000 00:00 0 
7fb502733000-7fb502831000 rw-p 00000000 00:00 0 
7fb502831000-7fb502834000 ---p 00000000 00:00 0 
7fb502834000-7fb502932000 rw-p 00000000 00:00 0 
7fb502932000-7fb502935000 ---p 00000000 00:00 0 
7fb502935000-7fb502a33000 rw-p 00000000 00:00 0 
7fb502a33000-7fb502a49000 r-xp 00000000 fe:02 800179                     /opt/android-studio-canary/jre/jre/lib/amd64/libnet.so
7fb502a49000-7fb502c49000 ---p 00016000 fe:02 800179                     /opt/android-studio-canary/jre/jre/lib/amd64/libnet.so
7fb502c49000-7fb502c4a000 r--p 00016000 fe:02 800179                     /opt/android-studio-canary/jre/jre/lib/amd64/libnet.so
7fb502c4a000-7fb502c4b000 rw-p 00017000 fe:02 800179                     /opt/android-studio-canary/jre/jre/lib/amd64/libnet.so
7fb502c4b000-7fb502c5c000 r-xp 00000000 fe:02 800178                     /opt/android-studio-canary/jre/jre/lib/amd64/libnio.so
7fb502c5c000-7fb502e5b000 ---p 00011000 fe:02 800178                     /opt/android-studio-canary/jre/jre/lib/amd64/libnio.so
7fb502e5b000-7fb502e5c000 r--p 00010000 fe:02 800178                     /opt/android-studio-canary/jre/jre/lib/amd64/libnio.so
7fb502e5c000-7fb502e5d000 rw-p 00011000 fe:02 800178                     /opt/android-studio-canary/jre/jre/lib/amd64/libnio.so
7fb502e5d000-7fb502e66000 r-xp 00000000 fe:02 800163                     /opt/android-studio-canary/jre/jre/lib/amd64/libmanagement.so
7fb502e66000-7fb503065000 ---p 00009000 fe:02 800163                     /opt/android-studio-canary/jre/jre/lib/amd64/libmanagement.so
7fb503065000-7fb503066000 r--p 00008000 fe:02 800163                     /opt/android-studio-canary/jre/jre/lib/amd64/libmanagement.so
7fb503066000-7fb503067000 rw-p 00009000 fe:02 800163                     /opt/android-studio-canary/jre/jre/lib/amd64/libmanagement.so
7fb503067000-7fb50320e000 r--s 016fd000 fe:03 396825                     /home/bscholtz/.gradle/caches/modules-2/files-2.1/org.jetbrains.kotlin/kotlin-compiler-embeddable/1.2.10/649eba68c683bc722208b7cb9ffb23d93dc37895/kotlin-compiler-embeddable-1.2.10.jar
7fb50320e000-7fb50320f000 ---p 00000000 00:00 0 
7fb50320f000-7fb50330f000 rw-p 00000000 00:00 0 
7fb50330f000-7fb503312000 ---p 00000000 00:00 0 
7fb503312000-7fb503410000 rw-p 00000000 00:00 0 
7fb503410000-7fb503413000 ---p 00000000 00:00 0 
7fb503413000-7fb503511000 rw-p 00000000 00:00 0 
7fb503511000-7fb503514000 ---p 00000000 00:00 0 
7fb503514000-7fb503612000 rw-p 00000000 00:00 0 
7fb503612000-7fb503615000 ---p 00000000 00:00 0 
7fb503615000-7fb503713000 rw-p 00000000 00:00 0 
7fb503713000-7fb503716000 ---p 00000000 00:00 0 
7fb503716000-7fb503814000 rw-p 00000000 00:00 0 
7fb503814000-7fb503817000 ---p 00000000 00:00 0 
7fb503817000-7fb503915000 rw-p 00000000 00:00 0 
7fb503915000-7fb503afb000 r--p 00000000 fe:02 5168491                    /usr/lib/locale/locale-archive
7fb503afb000-7fb503afe000 ---p 00000000 00:00 0 
7fb503afe000-7fb503bfc000 rw-p 00000000 00:00 0 
7fb503bfc000-7fb503bff000 ---p 00000000 00:00 0 
7fb503bff000-7fb503cfd000 rw-p 00000000 00:00 0 
7fb503cfd000-7fb503cfe000 ---p 00000000 00:00 0 
7fb503cfe000-7fb504000000 rw-p 00000000 00:00 0 
7fb504000000-7fb504021000 rw-p 00000000 00:00 0 
7fb504021000-7fb508000000 ---p 00000000 00:00 0 
7fb508006000-7fb508008000 r--s 00015000 fe:03 415969                     /home/bscholtz/.gradle/caches/modules-2/files-2.1/io.realm/realm-annotations-processor/4.1.1/58cbb6773191356ff0a0151e1f082c72ece8fe7c/realm-annotations-processor-4.1.1.jar
7fb508044000-7fb508056000 r--s 00345000 fe:02 800123                     /opt/android-studio-canary/jre/jre/lib/resources.jar
7fb508056000-7fb50805d000 r--s 00041000 fe:03 396819                     /home/bscholtz/.gradle/caches/modules-2/files-2.1/org.jetbrains.kotlin/kotlin-android-extensions/1.2.10/10eb9a3d66aa7c5e17afdf93116082018d0d4643/kotlin-android-extensions-1.2.10.jar
7fb50805d000-7fb5080d6000 r--s 010fd000 fe:02 800252                     /opt/android-studio-canary/jre/lib/tools.jar
7fb5080d6000-7fb5080f1000 r--s 00394000 fe:02 800208                     /opt/android-studio-canary/jre/jre/lib/ext/cldrdata.jar
7fb5080f1000-7fb50c000000 rw-p 00000000 00:00 0 
7fb50c000000-7fb50c021000 rw-p 00000000 00:00 0 
7fb50c021000-7fb510000000 ---p 00000000 00:00 0 
7fb510000000-7fb510021000 rw-p 00000000 00:00 0 
7fb510021000-7fb514000000 ---p 00000000 00:00 0 
7fb514000000-7fb514021000 rw-p 00000000 00:00 0 
7fb514021000-7fb518000000 ---p 00000000 00:00 0 
7fb518000000-7fb51803a000 rw-p 00000000 00:00 0 
7fb51803a000-7fb51c000000 ---p 00000000 00:00 0 
7fb51c000000-7fb51c021000 rw-p 00000000 00:00 0 
7fb51c021000-7fb520000000 ---p 00000000 00:00 0 
7fb520000000-7fb520021000 rw-p 00000000 00:00 0 
7fb520021000-7fb524000000 ---p 00000000 00:00 0 
7fb524000000-7fb524021000 rw-p 00000000 00:00 0 
7fb524021000-7fb528000000 ---p 00000000 00:00 0 
7fb528003000-7fb528007000 r--s 00030000 fe:03 396817                     /home/bscholtz/.gradle/caches/modules-2/files-2.1/org.jetbrains.kotlin/kotlin-annotation-processing-gradle/1.2.10/4152af9baeb52652a3abcaff73a8d5f8ba736d5a/kotlin-annotation-processing-gradle-1.2.10.jar
7fb528007000-7fb52803b000 r--s 00239000 fe:03 396824                     /home/bscholtz/.gradle/caches/modules-2/files-2.1/org.jetbrains.kotlin/kotlin-reflect/1.2.10/19bc012f8c4cd6b705bd6512263777cc19bcf259/kotlin-reflect-1.2.10.jar
7fb52803b000-7fb529000000 rw-p 00000000 00:00 0 
7fb529000000-7fb52f430000 rwxp 00000000 00:00 0 
7fb52f430000-7fb538000000 ---p 00000000 00:00 0 
7fb538000000-7fb538436000 rw-p 00000000 00:00 0 
7fb538436000-7fb53c000000 ---p 00000000 00:00 0 
7fb53c001000-7fb53c006000 r--s 0009a000 fe:02 800125                     /opt/android-studio-canary/jre/jre/lib/jsse.jar
7fb53c006000-7fb53c016000 r--s 000d4000 fe:03 396823                     /home/bscholtz/.gradle/caches/modules-2/files-2.1/org.jetbrains.kotlin/kotlin-stdlib/1.2.10/b9bf650516989595a5390e5a54181e16347208ac/kotlin-stdlib-1.2.10.jar
7fb53c016000-7fb53c3ca000 rw-p 00000000 00:00 0 
7fb53c3ca000-7fb53c59a000 r--s 03c46000 fe:02 800143                     /opt/android-studio-canary/jre/jre/lib/rt.jar
7fb53c59a000-7fb53c910000 rw-p 00000000 00:00 0 
7fb53c910000-7fb53c911000 ---p 00000000 00:00 0 
7fb53c911000-7fb53ca11000 rw-p 00000000 00:00 0 
7fb53ca11000-7fb53ca12000 ---p 00000000 00:00 0 
7fb53ca12000-7fb53cb12000 rw-p 00000000 00:00 0 
7fb53cb12000-7fb53cb13000 ---p 00000000 00:00 0 
7fb53cb13000-7fb53cc13000 rw-p 00000000 00:00 0 
7fb53cc13000-7fb53cc14000 ---p 00000000 00:00 0 
7fb53cc14000-7fb53cd14000 rw-p 00000000 00:00 0 
7fb53cd14000-7fb53cd15000 ---p 00000000 00:00 0 
7fb53cd15000-7fb53ce15000 rw-p 00000000 00:00 0 
7fb53ce15000-7fb53ce16000 ---p 00000000 00:00 0 
7fb53ce16000-7fb53cf16000 rw-p 00000000 00:00 0 
7fb53cf16000-7fb53cf17000 ---p 00000000 00:00 0 
7fb53cf17000-7fb53d017000 rw-p 00000000 00:00 0 
7fb53d017000-7fb53d018000 ---p 00000000 00:00 0 
7fb53d018000-7fb53d24f000 rw-p 00000000 00:00 0 
7fb53d24f000-7fb53d318000 ---p 00000000 00:00 0 
7fb53d318000-7fb53d44f000 rw-p 00000000 00:00 0 
7fb53d44f000-7fb53d518000 ---p 00000000 00:00 0 
7fb53d518000-7fb53d618000 rw-p 00000000 00:00 0 
7fb53d618000-7fb53d7aa000 rw-p 00000000 00:00 0 
7fb53d7aa000-7fb53d9d9000 ---p 00000000 00:00 0 
7fb53d9d9000-7fb53d9f3000 r-xp 00000000 fe:02 800184                     /opt/android-studio-canary/jre/jre/lib/amd64/libzip.so
7fb53d9f3000-7fb53dbf3000 ---p 0001a000 fe:02 800184                     /opt/android-studio-canary/jre/jre/lib/amd64/libzip.so
7fb53dbf3000-7fb53dbf4000 r--p 0001a000 fe:02 800184                     /opt/android-studio-canary/jre/jre/lib/amd64/libzip.so
7fb53dbf4000-7fb53dbf5000 rw-p 0001b000 fe:02 800184                     /opt/android-studio-canary/jre/jre/lib/amd64/libzip.so
7fb53dbf5000-7fb53dc00000 r-xp 00000000 fe:02 5114010                    /usr/lib/libnss_files-2.26.so
7fb53dc00000-7fb53ddff000 ---p 0000b000 fe:02 5114010                    /usr/lib/libnss_files-2.26.so
7fb53ddff000-7fb53de00000 r--p 0000a000 fe:02 5114010                    /usr/lib/libnss_files-2.26.so
7fb53de00000-7fb53de01000 rw-p 0000b000 fe:02 5114010                    /usr/lib/libnss_files-2.26.so
7fb53de01000-7fb53de07000 rw-p 00000000 00:00 0 
7fb53de07000-7fb53de34000 r-xp 00000000 fe:02 800198                     /opt/android-studio-canary/jre/jre/lib/amd64/libjava.so
7fb53de34000-7fb53e033000 ---p 0002d000 fe:02 800198                     /opt/android-studio-canary/jre/jre/lib/amd64/libjava.so
7fb53e033000-7fb53e034000 r--p 0002c000 fe:02 800198                     /opt/android-studio-canary/jre/jre/lib/amd64/libjava.so
7fb53e034000-7fb53e036000 rw-p 0002d000 fe:02 800198                     /opt/android-studio-canary/jre/jre/lib/amd64/libjava.so
7fb53e036000-7fb53e046000 r-xp 00000000 fe:02 800171                     /opt/android-studio-canary/jre/jre/lib/amd64/libverify.so
7fb53e046000-7fb53e245000 ---p 00010000 fe:02 800171                     /opt/android-studio-canary/jre/jre/lib/amd64/libverify.so
7fb53e245000-7fb53e247000 r--p 0000f000 fe:02 800171                     /opt/android-studio-canary/jre/jre/lib/amd64/libverify.so
7fb53e247000-7fb53e248000 rw-p 00011000 fe:02 800171                     /opt/android-studio-canary/jre/jre/lib/amd64/libverify.so
7fb53e248000-7fb53e24f000 r-xp 00000000 fe:02 5113996                    /usr/lib/librt-2.26.so
7fb53e24f000-7fb53e44e000 ---p 00007000 fe:02 5113996                    /usr/lib/librt-2.26.so
7fb53e44e000-7fb53e44f000 r--p 00006000 fe:02 5113996                    /usr/lib/librt-2.26.so
7fb53e44f000-7fb53e450000 rw-p 00007000 fe:02 5113996                    /usr/lib/librt-2.26.so
7fb53e450000-7fb53e59b000 r-xp 00000000 fe:02 5114001                    /usr/lib/libm-2.26.so
7fb53e59b000-7fb53e79a000 ---p 0014b000 fe:02 5114001                    /usr/lib/libm-2.26.so
7fb53e79a000-7fb53e79b000 r--p 0014a000 fe:02 5114001                    /usr/lib/libm-2.26.so
7fb53e79b000-7fb53e79c000 rw-p 0014b000 fe:02 5114001                    /usr/lib/libm-2.26.so
7fb53e79c000-7fb53f398000 r-xp 00000000 fe:02 800200                     /opt/android-studio-canary/jre/jre/lib/amd64/server/libjvm.so
7fb53f398000-7fb53f598000 ---p 00bfc000 fe:02 800200                     /opt/android-studio-canary/jre/jre/lib/amd64/server/libjvm.so
7fb53f598000-7fb53f638000 r--p 00bfc000 fe:02 800200                     /opt/android-studio-canary/jre/jre/lib/amd64/server/libjvm.so
7fb53f638000-7fb53f661000 rw-p 00c9c000 fe:02 800200                     /opt/android-studio-canary/jre/jre/lib/amd64/server/libjvm.so
7fb53f661000-7fb53f6a5000 rw-p 00000000 00:00 0 
7fb53f6a5000-7fb53f6be000 r-xp 00000000 fe:02 5114093                    /usr/lib/libpthread-2.26.so
7fb53f6be000-7fb53f8bd000 ---p 00019000 fe:02 5114093                    /usr/lib/libpthread-2.26.so
7fb53f8bd000-7fb53f8be000 r--p 00018000 fe:02 5114093                    /usr/lib/libpthread-2.26.so
7fb53f8be000-7fb53f8bf000 rw-p 00019000 fe:02 5114093                    /usr/lib/libpthread-2.26.so
7fb53f8bf000-7fb53f8c3000 rw-p 00000000 00:00 0 
7fb53f8c3000-7fb53f8c6000 r-xp 00000000 fe:02 5114006                    /usr/lib/libdl-2.26.so
7fb53f8c6000-7fb53fac5000 ---p 00003000 fe:02 5114006                    /usr/lib/libdl-2.26.so
7fb53fac5000-7fb53fac6000 r--p 00002000 fe:02 5114006                    /usr/lib/libdl-2.26.so
7fb53fac6000-7fb53fac7000 rw-p 00003000 fe:02 5114006                    /usr/lib/libdl-2.26.so
7fb53fac7000-7fb53fc75000 r-xp 00000000 fe:02 5114072                    /usr/lib/libc-2.26.so
7fb53fc75000-7fb53fe74000 ---p 001ae000 fe:02 5114072                    /usr/lib/libc-2.26.so
7fb53fe74000-7fb53fe78000 r--p 001ad000 fe:02 5114072                    /usr/lib/libc-2.26.so
7fb53fe78000-7fb53fe7a000 rw-p 001b1000 fe:02 5114072                    /usr/lib/libc-2.26.so
7fb53fe7a000-7fb53fe7e000 rw-p 00000000 00:00 0 
7fb53fe7e000-7fb53fe94000 r-xp 00000000 fe:02 800202                     /opt/android-studio-canary/jre/jre/lib/amd64/jli/libjli.so
7fb53fe94000-7fb540093000 ---p 00016000 fe:02 800202                     /opt/android-studio-canary/jre/jre/lib/amd64/jli/libjli.so
7fb540093000-7fb540094000 r--p 00015000 fe:02 800202                     /opt/android-studio-canary/jre/jre/lib/amd64/jli/libjli.so
7fb540094000-7fb540095000 rw-p 00016000 fe:02 800202                     /opt/android-studio-canary/jre/jre/lib/amd64/jli/libjli.so
7fb540095000-7fb5400ba000 r-xp 00000000 fe:02 5114073                    /usr/lib/ld-2.26.so
7fb5400ba000-7fb5400c4000 r--s 00116000 fe:02 800206                     /opt/android-studio-canary/jre/jre/lib/ext/localedata.jar
7fb5400c4000-7fb5400c6000 r--s 00008000 fe:03 396816                     /home/bscholtz/.gradle/caches/modules-2/files-2.1/org.jetbrains.kotlin/kotlin-script-runtime/1.2.10/941e197bf42d698e1cd5c47d302b753b7b1b7aec/kotlin-script-runtime-1.2.10.jar
7fb5400c6000-7fb54016a000 rw-p 00000000 00:00 0 
7fb54016a000-7fb54016d000 ---p 00000000 00:00 0 
7fb54016d000-7fb54026d000 rw-p 00000000 00:00 0 
7fb54026e000-7fb5402ad000 rw-p 00000000 00:00 0 
7fb5402ad000-7fb5402b5000 rw-s 00000000 00:29 464213                     /tmp/hsperfdata_bscholtz/10137
7fb5402b5000-7fb5402b6000 rw-p 00000000 00:00 0 
7fb5402b6000-7fb5402b7000 r--p 00000000 00:00 0 
7fb5402b7000-7fb5402b9000 rw-p 00000000 00:00 0 
7fb5402b9000-7fb5402ba000 r--p 00024000 fe:02 5114073                    /usr/lib/ld-2.26.so
7fb5402ba000-7fb5402bb000 rw-p 00025000 fe:02 5114073                    /usr/lib/ld-2.26.so
7fb5402bb000-7fb5402bc000 rw-p 00000000 00:00 0 
7ffcf2d37000-7ffcf2d59000 rw-p 00000000 00:00 0                          [stack]
7ffcf2db9000-7ffcf2dbc000 r--p 00000000 00:00 0                          [vvar]
7ffcf2dbc000-7ffcf2dbe000 r-xp 00000000 00:00 0                          [vdso]
ffffffffff600000-ffffffffff601000 r-xp 00000000 00:00 0                  [vsyscall]

VM Arguments:
jvm_args: -Djava.awt.headless=true -Djava.rmi.server.hostname=localhost -Xmx1536m -Dkotlin.environment.keepalive 
java_command: org.jetbrains.kotlin.daemon.KotlinCompileDaemon --daemon-runFilesPath /home/bscholtz/.local/share/kotlin/daemon --daemon-autoshutdownIdleSeconds=7200 --daemon-compilerClasspath /home/bscholtz/.gradle/caches/modules-2/files-2.1/org.jetbrains.kotlin/kotlin-compiler-embeddable/1.2.10/649eba68c683bc722208b7cb9ffb23d93dc37895/kotlin-compiler-embeddable-1.2.10.jar:/home/bscholtz/.gradle/caches/modules-2/files-2.1/org.jetbrains.kotlin/kotlin-stdlib/1.2.10/b9bf650516989595a5390e5a54181e16347208ac/kotlin-stdlib-1.2.10.jar:/home/bscholtz/.gradle/caches/modules-2/files-2.1/org.jetbrains.kotlin/kotlin-script-runtime/1.2.10/941e197bf42d698e1cd5c47d302b753b7b1b7aec/kotlin-script-runtime-1.2.10.jar:/home/bscholtz/.gradle/caches/modules-2/files-2.1/org.jetbrains.kotlin/kotlin-reflect/1.2.10/19bc012f8c4cd6b705bd6512263777cc19bcf259/kotlin-reflect-1.2.10.jar:/opt/android-studio-canary/jre/lib/tools.jar
java_class_path (initial): /home/bscholtz/.gradle/caches/modules-2/files-2.1/org.jetbrains.kotlin/kotlin-compiler-embeddable/1.2.10/649eba68c683bc722208b7cb9ffb23d93dc37895/kotlin-compiler-embeddable-1.2.10.jar:/home/bscholtz/.gradle/caches/modules-2/files-2.1/org.jetbrains.kotlin/kotlin-stdlib/1.2.10/b9bf650516989595a5390e5a54181e16347208ac/kotlin-stdlib-1.2.10.jar:/home/bscholtz/.gradle/caches/modules-2/files-2.1/org.jetbrains.kotlin/kotlin-script-runtime/1.2.10/941e197bf42d698e1cd5c47d302b753b7b1b7aec/kotlin-script-runtime-1.2.10.jar:/home/bscholtz/.gradle/caches/modules-2/files-2.1/org.jetbrains.kotlin/kotlin-reflect/1.2.10/19bc012f8c4cd6b705bd6512263777cc19bcf259/kotlin-reflect-1.2.10.jar:/opt/android-studio-canary/jre/lib/tools.jar
Launcher Type: SUN_STANDARD

Environment Variables:
PATH=/home/bscholtz/.nvm/versions/node/v9.1.0/bin:/usr/local/sbin:/usr/local/bin:/usr/bin:/usr/lib/jvm/default/bin:/opt/opencascade/bin:/usr/bin/site_perl:/usr/bin/vendor_perl:/usr/bin/core_perl:/home/bscholtz/bin
LD_LIBRARY_PATH=/opt/opencascade/lib
SHELL=/bin/bash
DISPLAY=:0

Signal Handlers:
SIGSEGV: [libjvm.so+0x9edb30], sa_mask[0]=11111111011111111101111111111110, sa_flags=SA_RESTART|SA_SIGINFO
SIGBUS: [libjvm.so+0x9edb30], sa_mask[0]=11111111011111111101111111111110, sa_flags=SA_RESTART|SA_SIGINFO
SIGFPE: [libjvm.so+0x84e800], sa_mask[0]=11111111011111111101111111111110, sa_flags=SA_RESTART|SA_SIGINFO
SIGPIPE: [libjvm.so+0x84e800], sa_mask[0]=11111111011111111101111111111110, sa_flags=SA_RESTART|SA_SIGINFO
SIGXFSZ: [libjvm.so+0x84e800], sa_mask[0]=11111111011111111101111111111110, sa_flags=SA_RESTART|SA_SIGINFO
SIGILL: [libjvm.so+0x84e800], sa_mask[0]=11111111011111111101111111111110, sa_flags=SA_RESTART|SA_SIGINFO
SIGUSR1: SIG_DFL, sa_mask[0]=00000000000000000000000000000000, sa_flags=none
SIGUSR2: [libjvm.so+0x84e6d0], sa_mask[0]=00100000000000000000000000000000, sa_flags=SA_RESTART|SA_SIGINFO
SIGHUP: [libjvm.so+0x84e8c0], sa_mask[0]=11111111011111111101111111111110, sa_flags=SA_RESTART|SA_SIGINFO
SIGINT: [libjvm.so+0x84e8c0], sa_mask[0]=11111111011111111101111111111110, sa_flags=SA_RESTART|SA_SIGINFO
SIGTERM: [libjvm.so+0x84e8c0], sa_mask[0]=11111111011111111101111111111110, sa_flags=SA_RESTART|SA_SIGINFO
SIGQUIT: [libjvm.so+0x84e8c0], sa_mask[0]=11111111011111111101111111111110, sa_flags=SA_RESTART|SA_SIGINFO


---------------  S Y S T E M  ---------------

OS:NAME="Arch Linux"
PRETTY_NAME="Arch Linux"
ID=arch
ID_LIKE=archlinux
ANSI_COLOR="0;36"
HOME_URL="https://www.archlinux.org/"
SUPPORT_URL="https://bbs.archlinux.org/"
BUG_REPORT_URL="https://bugs.archlinux.org/"

uname:Linux 4.14.12-1-ARCH #1 SMP PREEMPT Fri Jan 5 18:19:34 UTC 2018 x86_64
libc:glibc 2.26 NPTL 2.26 
rlimit: STACK 8192k, CORE infinity, NPROC 31201, NOFILE 4096, AS infinity
load average:166.83 62.77 24.13

/proc/meminfo:
MemTotal:        8052512 kB
MemFree:         2721020 kB
MemAvailable:    2698868 kB
Buffers:            5696 kB
Cached:           182360 kB
SwapCached:      3238248 kB
Active:          1225988 kB
Inactive:        2331788 kB
Active(anon):    1185124 kB
Inactive(anon):  2196440 kB
Active(file):      40864 kB
Inactive(file):   135348 kB
Unevictable:           0 kB
Mlocked:               0 kB
SwapTotal:       8388600 kB
SwapFree:         728060 kB
Dirty:              4120 kB
Writeback:        544096 kB
AnonPages:        221060 kB
Mapped:           122544 kB
Shmem:             16684 kB
Slab:             479000 kB
SReclaimable:      54248 kB
SUnreclaim:       424752 kB
KernelStack:       14592 kB
PageTables:        43652 kB
NFS_Unstable:          0 kB
Bounce:                0 kB
WritebackTmp:          0 kB
CommitLimit:    12414856 kB
Committed_AS:   12661624 kB
VmallocTotal:   34359738367 kB
VmallocUsed:           0 kB
VmallocChunk:          0 kB
HardwareCorrupted:     0 kB
AnonHugePages:      6144 kB
ShmemHugePages:        0 kB
ShmemPmdMapped:        0 kB
HugePages_Total:       0
HugePages_Free:        0
HugePages_Rsvd:        0
HugePages_Surp:        0
Hugepagesize:       2048 kB
DirectMap4k:      209204 kB
DirectMap2M:     8060928 kB
DirectMap1G:           0 kB


CPU:total 8 (initial active 8) (4 cores per cpu, 2 threads per core) family 6 model 142 stepping 10, cmov, cx8, fxsr, mmx, sse, sse2, sse3, ssse3, sse4.1, sse4.2, popcnt, avx, avx2, aes, clmul, erms, 3dnowpref, lzcnt, ht, tsc, tscinvbit, bmi1, bmi2, adx

/proc/cpuinfo:
processor	: 0
vendor_id	: GenuineIntel
cpu family	: 6
model		: 142
model name	: Intel(R) Core(TM) i5-8250U CPU @ 1.60GHz
stepping	: 10
microcode	: 0x80
cpu MHz		: 1800.000
cache size	: 6144 KB
physical id	: 0
siblings	: 8
core id		: 0
cpu cores	: 4
apicid		: 0
initial apicid	: 0
fpu		: yes
fpu_exception	: yes
cpuid level	: 22
wp		: yes
flags		: fpu vme de pse tsc msr pae mce cx8 apic sep mtrr pge mca cmov pat pse36 clflush dts acpi mmx fxsr sse sse2 ss ht tm pbe syscall nx pdpe1gb rdtscp lm constant_tsc art arch_perfmon pebs bts rep_good nopl xtopology nonstop_tsc cpuid aperfmperf tsc_known_freq pni pclmulqdq dtes64 monitor ds_cpl vmx est tm2 ssse3 sdbg fma cx16 xtpr pdcm pcid sse4_1 sse4_2 x2apic movbe popcnt tsc_deadline_timer aes xsave avx f16c rdrand lahf_lm abm 3dnowprefetch cpuid_fault epb invpcid_single pti intel_pt tpr_shadow vnmi flexpriority ept vpid fsgsbase tsc_adjust bmi1 avx2 smep bmi2 erms invpcid mpx rdseed adx smap clflushopt xsaveopt xsavec xgetbv1 xsaves dtherm ida arat pln pts hwp hwp_notify hwp_act_window hwp_epp
bugs		: cpu_insecure
bogomips	: 3601.00
clflush size	: 64
cache_alignment	: 64
address sizes	: 39 bits physical, 48 bits virtual
power management:

processor	: 1
vendor_id	: GenuineIntel
cpu family	: 6
model		: 142
model name	: Intel(R) Core(TM) i5-8250U CPU @ 1.60GHz
stepping	: 10
microcode	: 0x80
cpu MHz		: 1800.000
cache size	: 6144 KB
physical id	: 0
siblings	: 8
core id		: 1
cpu cores	: 4
apicid		: 2
initial apicid	: 2
fpu		: yes
fpu_exception	: yes
cpuid level	: 22
wp		: yes
flags		: fpu vme de pse tsc msr pae mce cx8 apic sep mtrr pge mca cmov pat pse36 clflush dts acpi mmx fxsr sse sse2 ss ht tm pbe syscall nx pdpe1gb rdtscp lm constant_tsc art arch_perfmon pebs bts rep_good nopl xtopology nonstop_tsc cpuid aperfmperf tsc_known_freq pni pclmulqdq dtes64 monitor ds_cpl vmx est tm2 ssse3 sdbg fma cx16 xtpr pdcm pcid sse4_1 sse4_2 x2apic movbe popcnt tsc_deadline_timer aes xsave avx f16c rdrand lahf_lm abm 3dnowprefetch cpuid_fault epb invpcid_single pti intel_pt tpr_shadow vnmi flexpriority ept vpid fsgsbase tsc_adjust bmi1 avx2 smep bmi2 erms invpcid mpx rdseed adx smap clflushopt xsaveopt xsavec xgetbv1 xsaves dtherm ida arat pln pts hwp hwp_notify hwp_act_window hwp_epp
bugs		: cpu_insecure
bogomips	: 3601.00
clflush size	: 64
cache_alignment	: 64
address sizes	: 39 bits physical, 48 bits virtual
power management:

processor	: 2
vendor_id	: GenuineIntel
cpu family	: 6
model		: 142
model name	: Intel(R) Core(TM) i5-8250U CPU @ 1.60GHz
stepping	: 10
microcode	: 0x80
cpu MHz		: 1800.000
cache size	: 6144 KB
physical id	: 0
siblings	: 8
core id		: 2
cpu cores	: 4
apicid		: 4
initial apicid	: 4
fpu		: yes
fpu_exception	: yes
cpuid level	: 22
wp		: yes
flags		: fpu vme de pse tsc msr pae mce cx8 apic sep mtrr pge mca cmov pat pse36 clflush dts acpi mmx fxsr sse sse2 ss ht tm pbe syscall nx pdpe1gb rdtscp lm constant_tsc art arch_perfmon pebs bts rep_good nopl xtopology nonstop_tsc cpuid aperfmperf tsc_known_freq pni pclmulqdq dtes64 monitor ds_cpl vmx est tm2 ssse3 sdbg fma cx16 xtpr pdcm pcid sse4_1 sse4_2 x2apic movbe popcnt tsc_deadline_timer aes xsave avx f16c rdrand lahf_lm abm 3dnowprefetch cpuid_fault epb invpcid_single pti intel_pt tpr_shadow vnmi flexpriority ept vpid fsgsbase tsc_adjust bmi1 avx2 smep bmi2 erms invpcid mpx rdseed adx smap clflushopt xsaveopt xsavec xgetbv1 xsaves dtherm ida arat pln pts hwp hwp_notify hwp_act_window hwp_epp
bugs		: cpu_insecure
bogomips	: 3601.00
clflush size	: 64
cache_alignment	: 64
address sizes	: 39 bits physical, 48 bits virtual
power management:

processor	: 3
vendor_id	: GenuineIntel
cpu family	: 6
model		: 142
model name	: Intel(R) Core(TM) i5-8250U CPU @ 1.60GHz
stepping	: 10
microcode	: 0x80
cpu MHz		: 1800.000
cache size	: 6144 KB
physical id	: 0
siblings	: 8
core id		: 3
cpu cores	: 4
apicid		: 6
initial apicid	: 6
fpu		: yes
fpu_exception	: yes
cpuid level	: 22
wp		: yes
flags		: fpu vme de pse tsc msr pae mce cx8 apic sep mtrr pge mca cmov pat pse36 clflush dts acpi mmx fxsr sse sse2 ss ht tm pbe syscall nx pdpe1gb rdtscp lm constant_tsc art arch_perfmon pebs bts rep_good nopl xtopology nonstop_tsc cpuid aperfmperf tsc_known_freq pni pclmulqdq dtes64 monitor ds_cpl vmx est tm2 ssse3 sdbg fma cx16 xtpr pdcm pcid sse4_1 sse4_2 x2apic movbe popcnt tsc_deadline_timer aes xsave avx f16c rdrand lahf_lm abm 3dnowprefetch cpuid_fault epb invpcid_single pti intel_pt tpr_shadow vnmi flexpriority ept vpid fsgsbase tsc_adjust bmi1 avx2 smep bmi2 erms invpcid mpx rdseed adx smap clflushopt xsaveopt xsavec xgetbv1 xsaves dtherm ida arat pln pts hwp hwp_notify hwp_act_window hwp_epp
bugs		: cpu_insecure
bogomips	: 3601.00
clflush size	: 64
cache_alignment	: 64
address sizes	: 39 bits physical, 48 bits virtual
power management:

processor	: 4
vendor_id	: GenuineIntel
cpu family	: 6
model		: 142
model name	: Intel(R) Core(TM) i5-8250U CPU @ 1.60GHz
stepping	: 10
microcode	: 0x80
cpu MHz		: 1800.000
cache size	: 6144 KB
physical id	: 0
siblings	: 8
core id		: 0
cpu cores	: 4
apicid		: 1
initial apicid	: 1
fpu		: yes
fpu_exception	: yes
cpuid level	: 22
wp		: yes
flags		: fpu vme de pse tsc msr pae mce cx8 apic sep mtrr pge mca cmov pat pse36 clflush dts acpi mmx fxsr sse sse2 ss ht tm pbe syscall nx pdpe1gb rdtscp lm constant_tsc art arch_perfmon pebs bts rep_good nopl xtopology nonstop_tsc cpuid aperfmperf tsc_known_freq pni pclmulqdq dtes64 monitor ds_cpl vmx est tm2 ssse3 sdbg fma cx16 xtpr pdcm pcid sse4_1 sse4_2 x2apic movbe popcnt tsc_deadline_timer aes xsave avx f16c rdrand lahf_lm abm 3dnowprefetch cpuid_fault epb invpcid_single pti intel_pt tpr_shadow vnmi flexpriority ept vpid fsgsbase tsc_adjust bmi1 avx2 smep bmi2 erms invpcid mpx rdseed adx smap clflushopt xsaveopt xsavec xgetbv1 xsaves dtherm ida arat pln pts hwp hwp_notify hwp_act_window hwp_epp
bugs		: cpu_insecure
bogomips	: 3601.00
clflush size	: 64
cache_alignment	: 64
address sizes	: 39 bits physical, 48 bits virtual
power management:

processor	: 5
vendor_id	: GenuineIntel
cpu family	: 6
model		: 142
model name	: Intel(R) Core(TM) i5-8250U CPU @ 1.60GHz
stepping	: 10
microcode	: 0x80
cpu MHz		: 1800.000
cache size	: 6144 KB
physical id	: 0
siblings	: 8
core id		: 1
cpu cores	: 4
apicid		: 3
initial apicid	: 3
fpu		: yes
fpu_exception	: yes
cpuid level	: 22
wp		: yes
flags		: fpu vme de pse tsc msr pae mce cx8 apic sep mtrr pge mca cmov pat pse36 clflush dts acpi mmx fxsr sse sse2 ss ht tm pbe syscall nx pdpe1gb rdtscp lm constant_tsc art arch_perfmon pebs bts rep_good nopl xtopology nonstop_tsc cpuid aperfmperf tsc_known_freq pni pclmulqdq dtes64 monitor ds_cpl vmx est tm2 ssse3 sdbg fma cx16 xtpr pdcm pcid sse4_1 sse4_2 x2apic movbe popcnt tsc_deadline_timer aes xsave avx f16c rdrand lahf_lm abm 3dnowprefetch cpuid_fault epb invpcid_single pti intel_pt tpr_shadow vnmi flexpriority ept vpid fsgsbase tsc_adjust bmi1 avx2 smep bmi2 erms invpcid mpx rdseed adx smap clflushopt xsaveopt xsavec xgetbv1 xsaves dtherm ida arat pln pts hwp hwp_notify hwp_act_window hwp_epp
bugs		: cpu_insecure
bogomips	: 3601.00
clflush size	: 64
cache_alignment	: 64
address sizes	: 39 bits physical, 48 bits virtual
power management:

processor	: 6
vendor_id	: GenuineIntel
cpu family	: 6
model		: 142
model name	: Intel(R) Core(TM) i5-8250U CPU @ 1.60GHz
stepping	: 10
microcode	: 0x80
cpu MHz		: 1800.000
cache size	: 6144 KB
physical id	: 0
siblings	: 8
core id		: 2
cpu cores	: 4
apicid		: 5
initial apicid	: 5
fpu		: yes
fpu_exception	: yes
cpuid level	: 22
wp		: yes
flags		: fpu vme de pse tsc msr pae mce cx8 apic sep mtrr pge mca cmov pat pse36 clflush dts acpi mmx fxsr sse sse2 ss ht tm pbe syscall nx pdpe1gb rdtscp lm constant_tsc art arch_perfmon pebs bts rep_good nopl xtopology nonstop_tsc cpuid aperfmperf tsc_known_freq pni pclmulqdq dtes64 monitor ds_cpl vmx est tm2 ssse3 sdbg fma cx16 xtpr pdcm pcid sse4_1 sse4_2 x2apic movbe popcnt tsc_deadline_timer aes xsave avx f16c rdrand lahf_lm abm 3dnowprefetch cpuid_fault epb invpcid_single pti intel_pt tpr_shadow vnmi flexpriority ept vpid fsgsbase tsc_adjust bmi1 avx2 smep bmi2 erms invpcid mpx rdseed adx smap clflushopt xsaveopt xsavec xgetbv1 xsaves dtherm ida arat pln pts hwp hwp_notify hwp_act_window hwp_epp
bugs		: cpu_insecure
bogomips	: 3601.00
clflush size	: 64
cache_alignment	: 64
address sizes	: 39 bits physical, 48 bits virtual
power management:

processor	: 7
vendor_id	: GenuineIntel
cpu family	: 6
model		: 142
model name	: Intel(R) Core(TM) i5-8250U CPU @ 1.60GHz
stepping	: 10
microcode	: 0x80
cpu MHz		: 1800.000
cache size	: 6144 KB
physical id	: 0
siblings	: 8
core id		: 3
cpu cores	: 4
apicid		: 7
initial apicid	: 7
fpu		: yes
fpu_exception	: yes
cpuid level	: 22
wp		: yes
flags		: fpu vme de pse tsc msr pae mce cx8 apic sep mtrr pge mca cmov pat pse36 clflush dts acpi mmx fxsr sse sse2 ss ht tm pbe syscall nx pdpe1gb rdtscp lm constant_tsc art arch_perfmon pebs bts rep_good nopl xtopology nonstop_tsc cpuid aperfmperf tsc_known_freq pni pclmulqdq dtes64 monitor ds_cpl vmx est tm2 ssse3 sdbg fma cx16 xtpr pdcm pcid sse4_1 sse4_2 x2apic movbe popcnt tsc_deadline_timer aes xsave avx f16c rdrand lahf_lm abm 3dnowprefetch cpuid_fault epb invpcid_single pti intel_pt tpr_shadow vnmi flexpriority ept vpid fsgsbase tsc_adjust bmi1 avx2 smep bmi2 erms invpcid mpx rdseed adx smap clflushopt xsaveopt xsavec xgetbv1 xsaves dtherm ida arat pln pts hwp hwp_notify hwp_act_window hwp_epp
bugs		: cpu_insecure
bogomips	: 3601.00
clflush size	: 64
cache_alignment	: 64
address sizes	: 39 bits physical, 48 bits virtual
power management:



Memory: 4k page, physical 8052512k(2721792k free), swap 8388600k(728060k free)

vm_info: OpenJDK 64-Bit Server VM (25.152-b01) for linux-amd64 JRE (1.8.0_152-release-1024-b01), built by "builder" with gcc 4.8.4

time: Fri Jan 12 11:37:12 2018
elapsed time: 2022 seconds (0d 0h 33m 42s)

