#
# A fatal error has been detected by the Java Runtime Environment:
#
#  SIGSEGV (0xb) at pc=0x00007ffa470806d3, pid=5248, tid=0x00007ffa44f3a700
#
# JRE version: OpenJDK Runtime Environment (8.0_152-b01) (build 1.8.0_152-release-1024-b01)
# Java VM: OpenJDK 64-Bit Server VM (25.152-b01 mixed mode linux-amd64 compressed oops)
# Problematic frame:
# V  [libjvm.so+0x8bf6d3]  oopDesc* PSPromotionManager::copy_to_survivor_space<false>(oopDesc*)+0x2c3
#
# Core dump written. Default location: /home/bscholtz/Rooster/workspace/rooster-android/core or core.5248
#
# If you would like to submit a bug report, please visit:
#   http://bugreport.java.com/bugreport/crash.jsp
#

---------------  T H R E A D  ---------------

Current thread (0x00007ffa40023800):  GCTaskThread [stack: 0x00007ffa44e3a000,0x00007ffa44f3b000] [id=5253]

siginfo: si_signo: 11 (SIGSEGV), si_code: 1 (SEGV_MAPERR), si_addr: 0x0000000002280118

Registers:
RAX=0x0000000000000001, RBX=0x00000000f01faef8, RCX=0x0000000000000003, RDX=0x00007ffa47671ca0
RSP=0x00007ffa44f39cc0, RBP=0x00007ffa44f39d20, RSI=0x00000000f01faef8, RDI=0x0000000002280110
R8 =0x002c002200650075, R9 =0x0000000000000000, R10=0x0000000000000000, R11=0x0000000000000246
R12=0x00007ffa44f39d50, R13=0x00007ffa44f39d60, R14=0x00007ffa4007d280, R15=0x00007ffa4007def0
RIP=0x00007ffa470806d3, EFLAGS=0x0000000000010202, CSGSFS=0x002b000000000033, ERR=0x0000000000000004
  TRAPNO=0x000000000000000e

Top of Stack: (sp=0x00007ffa44f39cc0)
0x00007ffa44f39cc0:   00007ffa44f39d20 00007ffa47084270
0x00007ffa44f39cd0:   0000d2580000f3f3 00007ffa0bdfc928
0x00007ffa44f39ce0:   0000d2580000f3f4 0000000000000000
0x00007ffa44f39cf0:   0000000000000400 0000000000000002
0x00007ffa44f39d00:   00007ffa44f39d50 00007ffa44f39d60
0x00007ffa44f39d10:   0000000000000004 00007ffa4007def0
0x00007ffa44f39d20:   00007ffa44f39da0 00007ffa47084102
0x00007ffa44f39d30:   00007ffa47671cb0 00000000bccbbb20
0x00007ffa44f39d40:   00007ff9ec7db540 00007ffa4007d280
0x00007ffa44f39d50:   00007ffa39c2ff67 00007ffa46fd7ceb
0x00007ffa44f39d60:   00000000bccbbb21 00007ffa4001fa80
0x00007ffa44f39d70:   00007ffa44f39da0 0000000000000001
0x00007ffa44f39d80:   00007ff9ec7db540 00007ffa47232929
0x00007ffa44f39d90:   00007ffa40023800 00007ffa47690708
0x00007ffa44f39da0:   00007ffa44f39eb0 00007ffa46d45ef2
0x00007ffa44f39db0:   00000000000003d8 00007ffa40024458
0x00007ffa44f39dc0:   00007ffa40024080 00007ffa44f39e40
0x00007ffa44f39dd0:   00007ffa40024030 00007ffa40024070
0x00007ffa44f39de0:   00007ffa44f39df0 0000000000000000
0x00007ffa44f39df0:   0000000000000000 00007ffa40024c00
0x00007ffa44f39e00:   00007ffa40023800 00007ffa40024460
0x00007ffa44f39e10:   00007ffa400244a0 00007ffa400244b0
0x00007ffa44f39e20:   00007ffa40024588 00000000000000d8
0x00007ffa44f39e30:   00007ffa400246c0 00007ffa40025030
0x00007ffa44f39e40:   00007ffa40023800 00007ffa40024460
0x00007ffa44f39e50:   00007ffa400244a0 00007ffa400244b0
0x00007ffa44f39e60:   00007ffa40024588 00000000000000d8
0x00007ffa44f39e70:   00007ffa44f39e00 00007ffa44f3a700
0x00007ffa44f39e80:   00007ffa44f39eb0 00007ffa40025030
0x00007ffa44f39e90:   00007ffa40024f40 00007ffa40023800
0x00007ffa44f39ea0:   00007ffa44f3a700 0000000000000000
0x00007ffa44f39eb0:   00007ffa44f39ef0 00007ffa47011032 

Instructions: (pc=0x00007ffa470806d3)
0x00007ffa470806b3:   e9 3d fe ff ff 0f 1f 84 00 00 00 00 00 48 8d 15
0x00007ffa470806c3:   d9 15 5f 00 8b 7e 08 8b 4a 08 48 d3 e7 48 03 3a
0x00007ffa470806d3:   8b 4f 08 83 f9 00 0f 8f 7d fd ff ff 0f 85 3b 02
0x00007ffa470806e3:   00 00 0f 1f 00 48 8b 07 4c 89 45 b8 48 89 de ff 

Register to memory mapping:

RAX=0x0000000000000001 is an unknown value
RBX=0x00000000f01faef8 is an oop

[error occurred during error reporting (printing register info), id 0xb]

Stack: [0x00007ffa44e3a000,0x00007ffa44f3b000],  sp=0x00007ffa44f39cc0,  free space=1023k
Native frames: (J=compiled Java code, j=interpreted, Vv=VM code, C=native code)
V  [libjvm.so+0x8bf6d3]  oopDesc* PSPromotionManager::copy_to_survivor_space<false>(oopDesc*)+0x2c3
V  [libjvm.so+0x8c3102]  StealTask::do_it(GCTaskManager*, unsigned int)+0x2d2
V  [libjvm.so+0x584ef2]  GCTaskThread::run()+0x162
V  [libjvm.so+0x850032]  java_start(Thread*)+0xf2


---------------  P R O C E S S  ---------------

Java Threads: ( => current thread )
  0x00007ff9d82a1000 JavaThread "RMI RenewClean-[localhost:43653,org.jetbrains.kotlin.daemon.common.LoopbackNetworkInterface$ClientLoopbackSocketFactory@19c86cd6]" daemon [_thread_blocked, id=7522, stack(0x00007ff9b8c92000,0x00007ff9b8d93000)]
  0x00007ff9a8004000 JavaThread "Keep-Alive-Timer" daemon [_thread_blocked, id=7520, stack(0x00007ff9b8084000,0x00007ff9b8185000)]
  0x00007ff9a4005800 JavaThread "RMI RenewClean-[localhost:43653,org.jetbrains.kotlin.daemon.common.LoopbackNetworkInterface$ClientLoopbackSocketFactory@7289945e]" daemon [_thread_blocked, id=7518, stack(0x00007ffa0a42c000,0x00007ffa0a52d000)]
  0x00007ff9c0001800 JavaThread "RMI RenewClean-[localhost:43653,org.jetbrains.kotlin.daemon.common.LoopbackNetworkInterface$ClientLoopbackSocketFactory@69f60fcc]" daemon [_thread_blocked, id=7512, stack(0x00007ff9bac72000,0x00007ff9bad73000)]
  0x00007ff9a4005000 JavaThread "RMI RenewClean-[localhost:43653,org.jetbrains.kotlin.daemon.common.LoopbackNetworkInterface$ClientLoopbackSocketFactory@7254c5df]" daemon [_thread_blocked, id=7402, stack(0x00007ffa09092000,0x00007ffa09193000)]
  0x00007ff9e0006800 JavaThread "RMI TCP Connection(17)-127.0.0.1" daemon [_thread_in_native, id=7401, stack(0x00007ff9b8d93000,0x00007ff9b8e94000)]
  0x00007ff9d8039000 JavaThread "RMI RenewClean-[localhost:43653,org.jetbrains.kotlin.daemon.common.LoopbackNetworkInterface$ClientLoopbackSocketFactory@f157d98]" daemon [_thread_blocked, id=7396, stack(0x00007ff9ba294000,0x00007ff9ba395000)]
  0x00007ff9e0005800 JavaThread "RMI TCP Connection(18)-127.0.0.1" daemon [_thread_blocked, id=7394, stack(0x00007ffa0a72f000,0x00007ffa0a830000)]
  0x00007ff9e0003000 JavaThread "RMI TCP Connection(15)-127.0.0.1" daemon [_thread_in_native, id=7386, stack(0x00007ffa0a02a000,0x00007ffa0a12b000)]
  0x00007ff9e0001800 JavaThread "RMI TCP Connection(16)-127.0.0.1" daemon [_thread_in_native, id=7384, stack(0x00007ffa09f29000,0x00007ffa0a02a000)]
  0x00007ff9d800d000 JavaThread "RMI RenewClean-[localhost:43427,org.jetbrains.kotlin.daemon.common.LoopbackNetworkInterface$ClientLoopbackSocketFactory@3d3fb8ae]" daemon [_thread_blocked, id=5287, stack(0x00007ffa09228000,0x00007ffa09329000)]
  0x00007ff9c4015800 JavaThread "RMI Scheduler(0)" daemon [_thread_blocked, id=5275, stack(0x00007ffa0a12b000,0x00007ffa0a22c000)]
  0x00007ffa4000b000 JavaThread "DestroyJavaVM" [_thread_blocked, id=5250, stack(0x00007ffa4818f000,0x00007ffa48290000)]
  0x00007ffa403cc000 JavaThread "GC Daemon" daemon [_thread_blocked, id=5273, stack(0x00007ffa0a52d000,0x00007ffa0a62e000)]
  0x00007ffa403c6000 JavaThread "RMI Reaper" [_thread_blocked, id=5272, stack(0x00007ffa0a62e000,0x00007ffa0a72f000)]
  0x00007ffa403b6000 JavaThread "Timer-0" daemon [_thread_blocked, id=5270, stack(0x00007ffa0a830000,0x00007ffa0a931000)]
  0x00007ffa403b2800 JavaThread "RMI TCP Accept-17463" daemon [_thread_in_native, id=5269, stack(0x00007ffa0a931000,0x00007ffa0aa32000)]
  0x00007ffa400ca000 JavaThread "Service Thread" daemon [_thread_blocked, id=5267, stack(0x00007ffa0b30f000,0x00007ffa0b410000)]
  0x00007ffa400c7000 JavaThread "C1 CompilerThread3" daemon [_thread_blocked, id=5266, stack(0x00007ffa0b410000,0x00007ffa0b511000)]
  0x00007ffa400c5000 JavaThread "C2 CompilerThread2" daemon [_thread_blocked, id=5265, stack(0x00007ffa0b511000,0x00007ffa0b612000)]
  0x00007ffa400c3800 JavaThread "C2 CompilerThread1" daemon [_thread_blocked, id=5264, stack(0x00007ffa0b612000,0x00007ffa0b713000)]
  0x00007ffa400ae800 JavaThread "C2 CompilerThread0" daemon [_thread_blocked, id=5263, stack(0x00007ffa0b713000,0x00007ffa0b814000)]
  0x00007ffa400be800 JavaThread "Signal Dispatcher" daemon [_thread_blocked, id=5262, stack(0x00007ffa0b814000,0x00007ffa0b915000)]
  0x00007ffa4008c800 JavaThread "Finalizer" daemon [_thread_blocked, id=5261, stack(0x00007ffa0bafb000,0x00007ffa0bbfc000)]
  0x00007ffa40088000 JavaThread "Reference Handler" daemon [_thread_blocked, id=5260, stack(0x00007ffa0bbfc000,0x00007ffa0bcfd000)]

Other Threads:
  0x00007ffa40080800 VMThread [stack: 0x00007ffa0bcfd000,0x00007ffa0bdfe000] [id=5259]
  0x00007ffa400cc800 WatcherThread [stack: 0x00007ffa0b20e000,0x00007ffa0b30f000] [id=5268]

=>0x00007ffa40023800 (exited) GCTaskThread [stack: 0x00007ffa44e3a000,0x00007ffa44f3b000] [id=5253]

VM state:at safepoint (normal execution)

VM Mutex/Monitor currently owned by a thread:  ([mutex/lock_event])
[0x00007ffa40008560] Threads_lock - owner thread: 0x00007ffa40080800
[0x00007ffa40008a60] Heap_lock - owner thread: 0x00007ff9e0005800
[0x00007ffa400092e0] PeriodicTask_lock - owner thread: 0x00007ffa400cc800

Heap:
 PSYoungGen      total 371712K, used 326131K [0x00000000e0000000, 0x0000000100000000, 0x0000000100000000)
  eden space 231424K, 100% used [0x00000000e0000000,0x00000000ee200000,0x00000000ee200000)
  from space 140288K, 67% used [0x00000000ee200000,0x00000000f3e7cfb8,0x00000000f6b00000)
  to   space 148480K, 33% used [0x00000000f6f00000,0x00000000f9f7dab8,0x0000000100000000)
 ParOldGen       total 598016K, used 597510K [0x00000000a0000000, 0x00000000c4800000, 0x00000000e0000000)
  object space 598016K, 99% used [0x00000000a0000000,0x00000000c4781958,0x00000000c4800000)
 Metaspace       used 106766K, capacity 110070K, committed 110336K, reserved 1146880K
  class space    used 12255K, capacity 13003K, committed 13056K, reserved 1048576K

Card table byte_map: [0x00007ffa4533d000,0x00007ffa4563e000] byte_map_base: 0x00007ffa44e3d000

Marking Bits: (ParMarkBitMap*) 0x00007ffa4769b440
 Begin Bits: [0x00007ffa11000000, 0x00007ffa12800000)
 End Bits:   [0x00007ffa12800000, 0x00007ffa14000000)

Polling page: 0x00007ffa482db000

CodeCache: size=245760Kb used=103825Kb max_used=104108Kb free=141934Kb
 bounds [0x00007ffa31000000, 0x00007ffa37660000, 0x00007ffa40000000]
 total_blobs=26079 nmethods=25503 adapters=484
 compilation: enabled

Compilation events (10 events):
Event: 1569.486 Thread 0x00007ffa400c5000 35303       4       org.jetbrains.kotlin.descriptors.Visibilities$3::doesReceiverFitForProtectedVisibility (99 bytes)
Event: 1569.493 Thread 0x00007ffa400c7000 35304       3       org.jetbrains.kotlin.load.java.JavaVisibilities$3::compareTo (36 bytes)
Event: 1569.494 Thread 0x00007ffa400c7000 nmethod 35304 0x00007ffa32b986d0 code [0x00007ffa32b98880, 0x00007ffa32b98dd0]
Event: 1569.494 Thread 0x00007ffa400c7000 35305       3       org.jetbrains.kotlin.resolve.lazy.descriptors.LazyClassDescriptor$$Lambda$60/1746879800::invoke (12 bytes)
Event: 1569.494 Thread 0x00007ffa400c7000 nmethod 35305 0x00007ffa32156c10 code [0x00007ffa32156da0, 0x00007ffa32157150]
Event: 1569.494 Thread 0x00007ffa400c7000 35306       3       org.jetbrains.kotlin.resolve.lazy.descriptors.LazyClassDescriptor::lambda$getDescriptorsForExtraCompanionObjects$9 (14 bytes)
Event: 1569.495 Thread 0x00007ffa400c7000 nmethod 35306 0x00007ffa36cf6dd0 code [0x00007ffa36cf6f40, 0x00007ffa36cf7190]
Event: 1569.498 Thread 0x00007ffa400c5000 nmethod 35303 0x00007ffa32fc9110 code [0x00007ffa32fc93a0, 0x00007ffa32fc9db0]
Event: 1569.510 Thread 0x00007ffa400ae800 nmethod 35302 0x00007ffa360c1310 code [0x00007ffa360c16e0, 0x00007ffa360c3530]
Event: 1569.534 Thread 0x00007ffa400c3800 35307       4       java.util.TimSort::sort (229 bytes)

GC Heap History (10 events):
Event: 1558.856 GC heap after
Heap after GC invocations=56 (full 7):
 PSYoungGen      total 351744K, used 63352K [0x00000000e0000000, 0x00000000ff880000, 0x0000000100000000)
  eden space 193024K, 0% used [0x00000000e0000000,0x00000000e0000000,0x00000000ebc80000)
  from space 158720K, 39% used [0x00000000ebc80000,0x00000000efa5e060,0x00000000f5780000)
  to   space 154112K, 0% used [0x00000000f6200000,0x00000000f6200000,0x00000000ff880000)
 ParOldGen       total 589824K, used 432132K [0x00000000a0000000, 0x00000000c4000000, 0x00000000e0000000)
  object space 589824K, 73% used [0x00000000a0000000,0x00000000ba6011e0,0x00000000c4000000)
 Metaspace       used 96056K, capacity 98978K, committed 99200K, reserved 1136640K
  class space    used 10934K, capacity 11559K, committed 11648K, reserved 1048576K
}
Event: 1565.841 GC heap before
{Heap before GC invocations=57 (full 7):
 PSYoungGen      total 351744K, used 256376K [0x00000000e0000000, 0x00000000ff880000, 0x0000000100000000)
  eden space 193024K, 100% used [0x00000000e0000000,0x00000000ebc80000,0x00000000ebc80000)
  from space 158720K, 39% used [0x00000000ebc80000,0x00000000efa5e060,0x00000000f5780000)
  to   space 154112K, 0% used [0x00000000f6200000,0x00000000f6200000,0x00000000ff880000)
 ParOldGen       total 589824K, used 432132K [0x00000000a0000000, 0x00000000c4000000, 0x00000000e0000000)
  object space 589824K, 73% used [0x00000000a0000000,0x00000000ba6011e0,0x00000000c4000000)
 Metaspace       used 104597K, capacity 107628K, committed 108032K, reserved 1144832K
  class space    used 12011K, capacity 12688K, committed 12800K, reserved 1048576K
Event: 1565.889 GC heap after
Heap after GC invocations=57 (full 7):
 PSYoungGen      total 358400K, used 61669K [0x00000000e0000000, 0x00000000ff180000, 0x0000000100000000)
  eden space 211456K, 0% used [0x00000000e0000000,0x00000000e0000000,0x00000000ece80000)
  from space 146944K, 41% used [0x00000000f6200000,0x00000000f9e39438,0x00000000ff180000)
  to   space 148992K, 0% used [0x00000000ece80000,0x00000000ece80000,0x00000000f6000000)
 ParOldGen       total 589824K, used 455411K [0x00000000a0000000, 0x00000000c4000000, 0x00000000e0000000)
  object space 589824K, 77% used [0x00000000a0000000,0x00000000bbcbcde8,0x00000000c4000000)
 Metaspace       used 104597K, capacity 107628K, committed 108032K, reserved 1144832K
  class space    used 12011K, capacity 12688K, committed 12800K, reserved 1048576K
}
Event: 1567.106 GC heap before
{Heap before GC invocations=58 (full 7):
 PSYoungGen      total 358400K, used 273125K [0x00000000e0000000, 0x00000000ff180000, 0x0000000100000000)
  eden space 211456K, 100% used [0x00000000e0000000,0x00000000ece80000,0x00000000ece80000)
  from space 146944K, 41% used [0x00000000f6200000,0x00000000f9e39438,0x00000000ff180000)
  to   space 148992K, 0% used [0x00000000ece80000,0x00000000ece80000,0x00000000f6000000)
 ParOldGen       total 589824K, used 455411K [0x00000000a0000000, 0x00000000c4000000, 0x00000000e0000000)
  object space 589824K, 77% used [0x00000000a0000000,0x00000000bbcbcde8,0x00000000c4000000)
 Metaspace       used 106085K, capacity 109268K, committed 109440K, reserved 1146880K
  class space    used 12181K, capacity 12892K, committed 12928K, reserved 1048576K
Event: 1567.137 GC heap after
Heap after GC invocations=58 (full 7):
 PSYoungGen      total 360448K, used 17788K [0x00000000e0000000, 0x00000000ff800000, 0x0000000100000000)
  eden space 211456K, 0% used [0x00000000e0000000,0x00000000e0000000,0x00000000ece80000)
  from space 148992K, 11% used [0x00000000ece80000,0x00000000edfdf3c8,0x00000000f6000000)
  to   space 143872K, 0% used [0x00000000f6b80000,0x00000000f6b80000,0x00000000ff800000)
 ParOldGen       total 589824K, used 492927K [0x00000000a0000000, 0x00000000c4000000, 0x00000000e0000000)
  object space 589824K, 83% used [0x00000000a0000000,0x00000000be15ff48,0x00000000c4000000)
 Metaspace       used 106085K, capacity 109268K, committed 109440K, reserved 1146880K
  class space    used 12181K, capacity 12892K, committed 12928K, reserved 1048576K
}
Event: 1567.661 GC heap before
{Heap before GC invocations=59 (full 7):
 PSYoungGen      total 360448K, used 229244K [0x00000000e0000000, 0x00000000ff800000, 0x0000000100000000)
  eden space 211456K, 100% used [0x00000000e0000000,0x00000000ece80000,0x00000000ece80000)
  from space 148992K, 11% used [0x00000000ece80000,0x00000000edfdf3c8,0x00000000f6000000)
  to   space 143872K, 0% used [0x00000000f6b80000,0x00000000f6b80000,0x00000000ff800000)
 ParOldGen       total 589824K, used 492927K [0x00000000a0000000, 0x00000000c4000000, 0x00000000e0000000)
  object space 589824K, 83% used [0x00000000a0000000,0x00000000be15ff48,0x00000000c4000000)
 Metaspace       used 106328K, capacity 109574K, committed 109696K, reserved 1146880K
  class space    used 12210K, capacity 12927K, committed 12928K, reserved 1048576K
Event: 1567.696 GC heap after
Heap after GC invocations=59 (full 7):
 PSYoungGen      total 371200K, used 60829K [0x00000000e0000000, 0x00000000ff400000, 0x0000000100000000)
  eden space 231424K, 0% used [0x00000000e0000000,0x00000000e0000000,0x00000000ee200000)
  from space 139776K, 43% used [0x00000000f6b80000,0x00000000fa6e7670,0x00000000ff400000)
  to   space 140288K, 0% used [0x00000000ee200000,0x00000000ee200000,0x00000000f6b00000)
 ParOldGen       total 589824K, used 492943K [0x00000000a0000000, 0x00000000c4000000, 0x00000000e0000000)
  object space 589824K, 83% used [0x00000000a0000000,0x00000000be163f48,0x00000000c4000000)
 Metaspace       used 106328K, capacity 109574K, committed 109696K, reserved 1146880K
  class space    used 12210K, capacity 12927K, committed 12928K, reserved 1048576K
}
Event: 1568.533 GC heap before
{Heap before GC invocations=60 (full 7):
 PSYoungGen      total 371200K, used 292253K [0x00000000e0000000, 0x00000000ff400000, 0x0000000100000000)
  eden space 231424K, 100% used [0x00000000e0000000,0x00000000ee200000,0x00000000ee200000)
  from space 139776K, 43% used [0x00000000f6b80000,0x00000000fa6e7670,0x00000000ff400000)
  to   space 140288K, 0% used [0x00000000ee200000,0x00000000ee200000,0x00000000f6b00000)
 ParOldGen       total 589824K, used 492943K [0x00000000a0000000, 0x00000000c4000000, 0x00000000e0000000)
  object space 589824K, 83% used [0x00000000a0000000,0x00000000be163f48,0x00000000c4000000)
 Metaspace       used 106561K, capacity 109840K, committed 110080K, reserved 1146880K
  class space    used 12230K, capacity 12970K, committed 13056K, reserved 1048576K
Event: 1568.579 GC heap after
Heap after GC invocations=60 (full 7):
 PSYoungGen      total 371712K, used 94707K [0x00000000e0000000, 0x0000000100000000, 0x0000000100000000)
  eden space 231424K, 0% used [0x00000000e0000000,0x00000000e0000000,0x00000000ee200000)
  from space 140288K, 67% used [0x00000000ee200000,0x00000000f3e7cfb8,0x00000000f6b00000)
  to   space 148480K, 0% used [0x00000000f6f00000,0x00000000f6f00000,0x0000000100000000)
 ParOldGen       total 589824K, used 508789K [0x00000000a0000000, 0x00000000c4000000, 0x00000000e0000000)
  object space 589824K, 86% used [0x00000000a0000000,0x00000000bf0dd5e0,0x00000000c4000000)
 Metaspace       used 106561K, capacity 109840K, committed 110080K, reserved 1146880K
  class space    used 12230K, capacity 12970K, committed 13056K, reserved 1048576K
}
Event: 1569.537 GC heap before
{Heap before GC invocations=61 (full 7):
 PSYoungGen      total 371712K, used 326131K [0x00000000e0000000, 0x0000000100000000, 0x0000000100000000)
  eden space 231424K, 100% used [0x00000000e0000000,0x00000000ee200000,0x00000000ee200000)
  from space 140288K, 67% used [0x00000000ee200000,0x00000000f3e7cfb8,0x00000000f6b00000)
  to   space 148480K, 0% used [0x00000000f6f00000,0x00000000f6f00000,0x0000000100000000)
 ParOldGen       total 589824K, used 508789K [0x00000000a0000000, 0x00000000c4000000, 0x00000000e0000000)
  object space 589824K, 86% used [0x00000000a0000000,0x00000000bf0dd5e0,0x00000000c4000000)
 Metaspace       used 106766K, capacity 110070K, committed 110336K, reserved 1146880K
  class space    used 12255K, capacity 13003K, committed 13056K, reserved 1048576K

Deoptimization events (10 events):
Event: 1567.344 Thread 0x00007ff9e0006800 Uncommon trap: reason=unstable_if action=reinterpret pc=0x00007ffa374eeecc method=com.squareup.javapoet.CodeWriter.emitLiteral(Ljava/lang/Object;)V @ 4
Event: 1568.137 Thread 0x00007ff9e0006800 Uncommon trap: reason=array_check action=maybe_recompile pc=0x00007ffa31a0a6b4 method=org.jetbrains.kotlin.com.intellij.util.ArrayUtil.insert([Ljava/lang/Object;ILjava/lang/Object;)[Ljava/lang/Object; @ 66
Event: 1568.137 Thread 0x00007ff9e0006800 Uncommon trap: reason=array_check action=maybe_recompile pc=0x00007ffa31a0a6b4 method=org.jetbrains.kotlin.com.intellij.util.ArrayUtil.insert([Ljava/lang/Object;ILjava/lang/Object;)[Ljava/lang/Object; @ 66
Event: 1568.139 Thread 0x00007ff9e0006800 Uncommon trap: reason=array_check action=maybe_recompile pc=0x00007ffa31a0a6b4 method=org.jetbrains.kotlin.com.intellij.util.ArrayUtil.insert([Ljava/lang/Object;ILjava/lang/Object;)[Ljava/lang/Object; @ 66
Event: 1568.139 Thread 0x00007ff9e0006800 Uncommon trap: reason=array_check action=maybe_recompile pc=0x00007ffa31a0a6b4 method=org.jetbrains.kotlin.com.intellij.util.ArrayUtil.insert([Ljava/lang/Object;ILjava/lang/Object;)[Ljava/lang/Object; @ 66
Event: 1568.398 Thread 0x00007ff9e0005800 Uncommon trap: reason=class_check action=maybe_recompile pc=0x00007ffa35018734 method=com.sun.org.apache.xerces.internal.parsers.AbstractSAXParser.characters(Lcom/sun/org/apache/xerces/internal/xni/XMLString;Lcom/sun/org/apache/xerces/internal/xni/Augment
Event: 1568.418 Thread 0x00007ff9e0005800 Uncommon trap: reason=class_check action=maybe_recompile pc=0x00007ffa35018734 method=com.sun.org.apache.xerces.internal.parsers.AbstractSAXParser.characters(Lcom/sun/org/apache/xerces/internal/xni/XMLString;Lcom/sun/org/apache/xerces/internal/xni/Augment
Event: 1568.745 Thread 0x00007ff9e0005800 Uncommon trap: reason=class_check action=maybe_recompile pc=0x00007ffa35018734 method=com.sun.org.apache.xerces.internal.parsers.AbstractSAXParser.characters(Lcom/sun/org/apache/xerces/internal/xni/XMLString;Lcom/sun/org/apache/xerces/internal/xni/Augment
Event: 1568.747 Thread 0x00007ff9e0005800 Uncommon trap: reason=class_check action=maybe_recompile pc=0x00007ffa35018734 method=com.sun.org.apache.xerces.internal.parsers.AbstractSAXParser.characters(Lcom/sun/org/apache/xerces/internal/xni/XMLString;Lcom/sun/org/apache/xerces/internal/xni/Augment
Event: 1568.988 Thread 0x00007ff9e0005800 Uncommon trap: reason=null_check action=make_not_entrant pc=0x00007ffa36dd2434 method=org.jetbrains.kotlin.com.intellij.psi.impl.compiled.StubBuildingVisitor.constToString(Ljava/lang/Object;Ljava/lang/String;ZLorg/jetbrains/kotlin/com/intellij/util/Functi

Classes redefined (0 events):
No events

Internal exceptions (10 events):
Event: 1558.165 Thread 0x00007ff9e0001800 Exception <a 'sun/nio/fs/UnixException'> (0x00000000e2faad30) thrown at [/usr/local/google/home/ralucas/source/AOSP-openjdk-git/jdk8u/hotspot/src/share/vm/prims/jni.cpp, line 709]
Event: 1558.166 Thread 0x00007ff9e0001800 Exception <a 'sun/nio/fs/UnixException'> (0x00000000e2fc8028) thrown at [/usr/local/google/home/ralucas/source/AOSP-openjdk-git/jdk8u/hotspot/src/share/vm/prims/jni.cpp, line 709]
Event: 1558.167 Thread 0x00007ff9e0001800 Exception <a 'sun/nio/fs/UnixException'> (0x00000000e2fe6cc8) thrown at [/usr/local/google/home/ralucas/source/AOSP-openjdk-git/jdk8u/hotspot/src/share/vm/prims/jni.cpp, line 709]
Event: 1558.170 Thread 0x00007ff9e0001800 Exception <a 'sun/nio/fs/UnixException'> (0x00000000e320aa30) thrown at [/usr/local/google/home/ralucas/source/AOSP-openjdk-git/jdk8u/hotspot/src/share/vm/prims/jni.cpp, line 709]
Event: 1558.395 Thread 0x00007ff9a4005800 Exception <a 'java/lang/InterruptedException'> (0x00000000e46d1340) thrown at [/usr/local/google/home/ralucas/source/AOSP-openjdk-git/jdk8u/hotspot/src/share/vm/runtime/objectMonitor.cpp, line 1684]
Event: 1558.773 Thread 0x00007ff9e0006800 Implicit null exception at 0x00007ffa35d3810a to 0x00007ffa35d38b6d
Event: 1565.326 Thread 0x00007ff9e0006800 Implicit null exception at 0x00007ffa36f6a570 to 0x00007ffa36f6a64d
Event: 1568.397 Thread 0x00007ff9d82a1000 Exception <a 'java/lang/InterruptedException'> (0x00000000ec340628) thrown at [/usr/local/google/home/ralucas/source/AOSP-openjdk-git/jdk8u/hotspot/src/share/vm/runtime/objectMonitor.cpp, line 1684]
Event: 1568.402 Thread 0x00007ff9e0005800 Exception <a 'sun/nio/fs/UnixException'> (0x00000000ec2d8c88) thrown at [/usr/local/google/home/ralucas/source/AOSP-openjdk-git/jdk8u/hotspot/src/share/vm/prims/jni.cpp, line 709]
Event: 1568.988 Thread 0x00007ff9e0005800 Implicit null exception at 0x00007ffa36dd0305 to 0x00007ffa36dd2425

Events (10 events):
Event: 1569.046 loading class org/jetbrains/kotlin/name/Name done
Event: 1569.046 loading class org/jetbrains/kotlin/descriptors/CallableMemberDescriptor$Kind
Event: 1569.046 loading class org/jetbrains/kotlin/descriptors/CallableMemberDescriptor$Kind done
Event: 1569.046 loading class org/jetbrains/kotlin/name/FqNameUnsafe
Event: 1569.046 loading class org/jetbrains/kotlin/name/FqNameUnsafe done
Event: 1569.046 loading class org/jetbrains/kotlin/types/KotlinTypeFactory
Event: 1569.046 loading class org/jetbrains/kotlin/types/KotlinTypeFactory done
Event: 1569.046 loading class org/jetbrains/kotlin/descriptors/impl/PropertyGetterDescriptorImpl
Event: 1569.046 loading class org/jetbrains/kotlin/descriptors/impl/PropertyGetterDescriptorImpl done
Event: 1569.537 Executing VM operation: ParallelGCFailedAllocation


Dynamic libraries:
00400000-00401000 r-xp 00000000 fe:02 800120                             /opt/android-studio-canary/jre/jre/bin/java
00600000-00601000 r--p 00000000 fe:02 800120                             /opt/android-studio-canary/jre/jre/bin/java
00601000-00602000 rw-p 00001000 fe:02 800120                             /opt/android-studio-canary/jre/jre/bin/java
01f2c000-01f4d000 rw-p 00000000 00:00 0                                  [heap]
a0000000-c4800000 rw-p 00000000 00:00 0 
c4800000-e0000000 ---p 00000000 00:00 0 
e0000000-100000000 rw-p 00000000 00:00 0 
100000000-100cc0000 rw-p 00000000 00:00 0 
100cc0000-140000000 ---p 00000000 00:00 0 
7ff99b600000-7ff99b700000 rw-p 00000000 00:00 0 
7ff99b700000-7ff99b800000 ---p 00000000 00:00 0 
7ff99b800000-7ff99ba00000 rw-p 00000000 00:00 0 
7ff99ba00000-7ff99bc00000 rw-p 00000000 00:00 0 
7ff99bc00000-7ff99be00000 rw-p 00000000 00:00 0 
7ff99be00000-7ff99c000000 rw-p 00000000 00:00 0 
7ff99c000000-7ff99c021000 rw-p 00000000 00:00 0 
7ff99c021000-7ff9a0000000 ---p 00000000 00:00 0 
7ff9a0000000-7ff9a0021000 rw-p 00000000 00:00 0 
7ff9a0021000-7ff9a4000000 ---p 00000000 00:00 0 
7ff9a4000000-7ff9a4825000 rw-p 00000000 00:00 0 
7ff9a4825000-7ff9a8000000 ---p 00000000 00:00 0 
7ff9a8000000-7ff9a8021000 rw-p 00000000 00:00 0 
7ff9a8021000-7ff9ac000000 ---p 00000000 00:00 0 
7ff9ac000000-7ff9ac023000 rw-p 00000000 00:00 0 
7ff9ac023000-7ff9b0000000 ---p 00000000 00:00 0 
7ff9b0000000-7ff9b0021000 rw-p 00000000 00:00 0 
7ff9b0021000-7ff9b4000000 ---p 00000000 00:00 0 
7ff9b4000000-7ff9b4021000 rw-p 00000000 00:00 0 
7ff9b4021000-7ff9b8000000 ---p 00000000 00:00 0 
7ff9b8084000-7ff9b8087000 ---p 00000000 00:00 0 
7ff9b8087000-7ff9b8385000 rw-p 00000000 00:00 0 
7ff9b8385000-7ff9b8492000 r--s 01b1d000 fe:03 9835027                    /home/bscholtz/Android/Sdk/platforms/android-27/android.jar
7ff9b8492000-7ff9b8692000 rw-p 00000000 00:00 0 
7ff9b8692000-7ff9b8892000 rw-p 00000000 00:00 0 
7ff9b8892000-7ff9b8a92000 rw-p 00000000 00:00 0 
7ff9b8a92000-7ff9b8c92000 rw-p 00000000 00:00 0 
7ff9b8c92000-7ff9b8c95000 ---p 00000000 00:00 0 
7ff9b8c95000-7ff9b8d93000 rw-p 00000000 00:00 0 
7ff9b8d93000-7ff9b8d96000 ---p 00000000 00:00 0 
7ff9b8d96000-7ff9b9094000 rw-p 00000000 00:00 0 
7ff9b9094000-7ff9b9294000 rw-p 00000000 00:00 0 
7ff9b9294000-7ff9b9494000 rw-p 00000000 00:00 0 
7ff9b9494000-7ff9b9694000 rw-p 00000000 00:00 0 
7ff9b9694000-7ff9b9894000 rw-p 00000000 00:00 0 
7ff9b9894000-7ff9b9a94000 rw-p 00000000 00:00 0 
7ff9b9a94000-7ff9b9c94000 rw-p 00000000 00:00 0 
7ff9b9c94000-7ff9b9e94000 rw-p 00000000 00:00 0 
7ff9b9e94000-7ff9ba094000 rw-p 00000000 00:00 0 
7ff9ba094000-7ff9ba294000 rw-p 00000000 00:00 0 
7ff9ba294000-7ff9ba297000 ---p 00000000 00:00 0 
7ff9ba297000-7ff9ba395000 rw-p 00000000 00:00 0 
7ff9ba395000-7ff9ba3a8000 r-xp 00000000 fe:02 5113997                    /usr/lib/libresolv-2.26.so
7ff9ba3a8000-7ff9ba5a8000 ---p 00013000 fe:02 5113997                    /usr/lib/libresolv-2.26.so
7ff9ba5a8000-7ff9ba5a9000 r--p 00013000 fe:02 5113997                    /usr/lib/libresolv-2.26.so
7ff9ba5a9000-7ff9ba5aa000 rw-p 00014000 fe:02 5113997                    /usr/lib/libresolv-2.26.so
7ff9ba5aa000-7ff9ba5ac000 rw-p 00000000 00:00 0 
7ff9ba5ac000-7ff9ba5b1000 r-xp 00000000 fe:02 5114011                    /usr/lib/libnss_dns-2.26.so
7ff9ba5b1000-7ff9ba7b0000 ---p 00005000 fe:02 5114011                    /usr/lib/libnss_dns-2.26.so
7ff9ba7b0000-7ff9ba7b1000 r--p 00004000 fe:02 5114011                    /usr/lib/libnss_dns-2.26.so
7ff9ba7b1000-7ff9ba7b2000 rw-p 00005000 fe:02 5114011                    /usr/lib/libnss_dns-2.26.so
7ff9ba7b2000-7ff9ba7e9000 r-xp 00000000 fe:02 5115593                    /usr/lib/libnss_resolve.so.2
7ff9ba7e9000-7ff9ba9e9000 ---p 00037000 fe:02 5115593                    /usr/lib/libnss_resolve.so.2
7ff9ba9e9000-7ff9ba9ec000 r--p 00037000 fe:02 5115593                    /usr/lib/libnss_resolve.so.2
7ff9ba9ec000-7ff9ba9ed000 rw-p 0003a000 fe:02 5115593                    /usr/lib/libnss_resolve.so.2
7ff9ba9ed000-7ff9baa25000 r-xp 00000000 fe:02 5115576                    /usr/lib/libnss_mymachines.so.2
7ff9baa25000-7ff9bac24000 ---p 00038000 fe:02 5115576                    /usr/lib/libnss_mymachines.so.2
7ff9bac24000-7ff9bac27000 r--p 00037000 fe:02 5115576                    /usr/lib/libnss_mymachines.so.2
7ff9bac27000-7ff9bac28000 rw-p 0003a000 fe:02 5115576                    /usr/lib/libnss_mymachines.so.2
7ff9bac72000-7ff9bac75000 ---p 00000000 00:00 0 
7ff9bac75000-7ff9baf73000 rw-p 00000000 00:00 0 
7ff9bb000000-7ff9bb200000 rw-p 00000000 00:00 0 
7ff9bb200000-7ff9bb400000 rw-p 00000000 00:00 0 
7ff9bb400000-7ff9bb600000 rw-p 00000000 00:00 0 
7ff9bb600000-7ff9bb800000 rw-p 00000000 00:00 0 
7ff9bb800000-7ff9bba00000 rw-p 00000000 00:00 0 
7ff9bba00000-7ff9bbc00000 rw-p 00000000 00:00 0 
7ff9bbc00000-7ff9bbe00000 rw-p 00000000 00:00 0 
7ff9bbe00000-7ff9bc000000 rw-p 00000000 00:00 0 
7ff9bc000000-7ff9bd850000 rw-p 00000000 00:00 0 
7ff9bd850000-7ff9c0000000 ---p 00000000 00:00 0 
7ff9c0000000-7ff9c0657000 rw-p 00000000 00:00 0 
7ff9c0657000-7ff9c4000000 ---p 00000000 00:00 0 
7ff9c4000000-7ff9c4021000 rw-p 00000000 00:00 0 
7ff9c4021000-7ff9c8000000 ---p 00000000 00:00 0 
7ff9c8000000-7ff9c8021000 rw-p 00000000 00:00 0 
7ff9c8021000-7ff9cc000000 ---p 00000000 00:00 0 
7ff9cc000000-7ff9cc021000 rw-p 00000000 00:00 0 
7ff9cc021000-7ff9d0000000 ---p 00000000 00:00 0 
7ff9d0000000-7ff9d0021000 rw-p 00000000 00:00 0 
7ff9d0021000-7ff9d4000000 ---p 00000000 00:00 0 
7ff9d4000000-7ff9d4021000 rw-p 00000000 00:00 0 
7ff9d4021000-7ff9d8000000 ---p 00000000 00:00 0 
7ff9d8000000-7ff9d8b11000 rw-p 00000000 00:00 0 
7ff9d8b11000-7ff9dc000000 ---p 00000000 00:00 0 
7ff9dc000000-7ff9dc021000 rw-p 00000000 00:00 0 
7ff9dc021000-7ff9e0000000 ---p 00000000 00:00 0 
7ff9e0000000-7ff9e0021000 rw-p 00000000 00:00 0 
7ff9e0021000-7ff9e4000000 ---p 00000000 00:00 0 
7ff9e4000000-7ff9e4021000 rw-p 00000000 00:00 0 
7ff9e4021000-7ff9e8000000 ---p 00000000 00:00 0 
7ff9e8000000-7ff9e9ca2000 rw-p 00000000 00:00 0 
7ff9e9ca2000-7ff9ec000000 ---p 00000000 00:00 0 
7ff9ec000000-7ff9edbbf000 rw-p 00000000 00:00 0 
7ff9edbbf000-7ff9f0000000 ---p 00000000 00:00 0 
7ff9f0000000-7ff9f1ec2000 rw-p 00000000 00:00 0 
7ff9f1ec2000-7ff9f4000000 ---p 00000000 00:00 0 
7ff9f4000000-7ff9f4021000 rw-p 00000000 00:00 0 
7ff9f4021000-7ff9f8000000 ---p 00000000 00:00 0 
7ff9f8000000-7ff9f9d8b000 rw-p 00000000 00:00 0 
7ff9f9d8b000-7ff9fc000000 ---p 00000000 00:00 0 
7ff9fc000000-7ff9fc021000 rw-p 00000000 00:00 0 
7ff9fc021000-7ffa00000000 ---p 00000000 00:00 0 
7ffa00000000-7ffa00021000 rw-p 00000000 00:00 0 
7ffa00021000-7ffa04000000 ---p 00000000 00:00 0 
7ffa04000000-7ffa0404d000 rw-p 00000000 00:00 0 
7ffa0404d000-7ffa08000000 ---p 00000000 00:00 0 
7ffa08026000-7ffa08226000 rw-p 00000000 00:00 0 
7ffa08226000-7ffa08426000 rw-p 00000000 00:00 0 
7ffa08426000-7ffa08626000 rw-p 00000000 00:00 0 
7ffa08626000-7ffa08826000 rw-p 00000000 00:00 0 
7ffa08826000-7ffa08a26000 rw-p 00000000 00:00 0 
7ffa08a26000-7ffa08c26000 rw-p 00000000 00:00 0 
7ffa08c26000-7ffa08e26000 rw-p 00000000 00:00 0 
7ffa08e26000-7ffa09026000 rw-p 00000000 00:00 0 
7ffa09092000-7ffa09095000 ---p 00000000 00:00 0 
7ffa09095000-7ffa09193000 rw-p 00000000 00:00 0 
7ffa09193000-7ffa091d4000 r--s 00495000 fe:03 1838990                    /home/bscholtz/.gradle/caches/modules-2/files-2.1/com.google.dagger/dagger-compiler/2.9/276b9c7acc73acb449e1837a47623a7b94afd90b/dagger-compiler-2.9.jar
7ffa091de000-7ffa091e3000 r--s 00034000 fe:03 1573053                    /home/bscholtz/.gradle/caches/modules-2/files-2.1/com.google.code.gson/gson/2.8.0/c4ba5371a29ac9b2ad6129b1d39ea38750043eff/gson-2.8.0.jar
7ffa091e3000-7ffa091ea000 r--s 0003c000 fe:03 271734                     /home/bscholtz/.gradle/caches/transforms-1/files-1.1/firebase-database-11.8.0.aar/59fc574c30d145484951ace03fba6ca7/jars/classes.jar
7ffa091ea000-7ffa091f5000 r--s 00086000 fe:03 271660                     /home/bscholtz/.gradle/caches/transforms-1/files-1.1/realm-android-library-object-server-4.1.1.aar/88ab534d22962121320244fed91ef4e5/jars/classes.jar
7ffa091f5000-7ffa0920a000 r--s 000f8000 fe:03 2235771                    /home/bscholtz/.gradle/caches/transforms-1/files-1.1/exoplayer-core-r2.5.3.aar/1d1bdaf77912cd0d76ae21c9d0127668/jars/classes.jar
7ffa0920a000-7ffa0920c000 r--s 00004000 fe:03 2114329                    /home/bscholtz/.gradle/caches/transforms-1/files-1.1/extension-mediasession-r2.5.3.aar/060dce3fe997459b7bc805306bd18d4f/jars/classes.jar
7ffa0920c000-7ffa0920d000 r--s 00002000 fe:03 2235602                    /home/bscholtz/.gradle/caches/transforms-1/files-1.1/autofittextview-0.2.1.aar/24cdef3048de077462f9bd1379779815/jars/classes.jar
7ffa0920d000-7ffa09217000 r--s 00055000 fe:03 271967                     /home/bscholtz/.gradle/caches/transforms-1/files-1.1/play-services-base-11.8.0.aar/af9798f7447f47508ffc60b09fb078a5/jars/classes.jar
7ffa09217000-7ffa09228000 r--s 000cf000 fe:03 2114409                    /home/bscholtz/.gradle/caches/transforms-1/files-1.1/facebook-android-sdk-4.25.0.aar/46283354cd5962e7600ce7c3a9ddab81/jars/classes.jar
7ffa09228000-7ffa0922b000 ---p 00000000 00:00 0 
7ffa0922b000-7ffa09529000 rw-p 00000000 00:00 0 
7ffa09529000-7ffa09729000 rw-p 00000000 00:00 0 
7ffa09729000-7ffa09929000 rw-p 00000000 00:00 0 
7ffa09929000-7ffa09b29000 rw-p 00000000 00:00 0 
7ffa09b29000-7ffa09d29000 rw-p 00000000 00:00 0 
7ffa09d29000-7ffa09f29000 rw-p 00000000 00:00 0 
7ffa09f29000-7ffa09f2c000 ---p 00000000 00:00 0 
7ffa09f2c000-7ffa0a02a000 rw-p 00000000 00:00 0 
7ffa0a02a000-7ffa0a02d000 ---p 00000000 00:00 0 
7ffa0a02d000-7ffa0a12b000 rw-p 00000000 00:00 0 
7ffa0a12b000-7ffa0a12e000 ---p 00000000 00:00 0 
7ffa0a12e000-7ffa0a42c000 rw-p 00000000 00:00 0 
7ffa0a42c000-7ffa0a42f000 ---p 00000000 00:00 0 
7ffa0a42f000-7ffa0a52d000 rw-p 00000000 00:00 0 
7ffa0a52d000-7ffa0a530000 ---p 00000000 00:00 0 
7ffa0a530000-7ffa0a62e000 rw-p 00000000 00:00 0 
7ffa0a62e000-7ffa0a631000 ---p 00000000 00:00 0 
7ffa0a631000-7ffa0a72f000 rw-p 00000000 00:00 0 
7ffa0a72f000-7ffa0a732000 ---p 00000000 00:00 0 
7ffa0a732000-7ffa0a830000 rw-p 00000000 00:00 0 
7ffa0a830000-7ffa0a833000 ---p 00000000 00:00 0 
7ffa0a833000-7ffa0a931000 rw-p 00000000 00:00 0 
7ffa0a931000-7ffa0a934000 ---p 00000000 00:00 0 
7ffa0a934000-7ffa0aa32000 rw-p 00000000 00:00 0 
7ffa0aa32000-7ffa0aa48000 r-xp 00000000 fe:02 800178                     /opt/android-studio-canary/jre/jre/lib/amd64/libnet.so
7ffa0aa48000-7ffa0ac48000 ---p 00016000 fe:02 800178                     /opt/android-studio-canary/jre/jre/lib/amd64/libnet.so
7ffa0ac48000-7ffa0ac49000 r--p 00016000 fe:02 800178                     /opt/android-studio-canary/jre/jre/lib/amd64/libnet.so
7ffa0ac49000-7ffa0ac4a000 rw-p 00017000 fe:02 800178                     /opt/android-studio-canary/jre/jre/lib/amd64/libnet.so
7ffa0ac4a000-7ffa0ac5b000 r-xp 00000000 fe:02 800177                     /opt/android-studio-canary/jre/jre/lib/amd64/libnio.so
7ffa0ac5b000-7ffa0ae5a000 ---p 00011000 fe:02 800177                     /opt/android-studio-canary/jre/jre/lib/amd64/libnio.so
7ffa0ae5a000-7ffa0ae5b000 r--p 00010000 fe:02 800177                     /opt/android-studio-canary/jre/jre/lib/amd64/libnio.so
7ffa0ae5b000-7ffa0ae5c000 rw-p 00011000 fe:02 800177                     /opt/android-studio-canary/jre/jre/lib/amd64/libnio.so
7ffa0ae5c000-7ffa0ae65000 r-xp 00000000 fe:02 800162                     /opt/android-studio-canary/jre/jre/lib/amd64/libmanagement.so
7ffa0ae65000-7ffa0b064000 ---p 00009000 fe:02 800162                     /opt/android-studio-canary/jre/jre/lib/amd64/libmanagement.so
7ffa0b064000-7ffa0b065000 r--p 00008000 fe:02 800162                     /opt/android-studio-canary/jre/jre/lib/amd64/libmanagement.so
7ffa0b065000-7ffa0b066000 rw-p 00009000 fe:02 800162                     /opt/android-studio-canary/jre/jre/lib/amd64/libmanagement.so
7ffa0b066000-7ffa0b20e000 r--s 01702000 fe:03 396625                     /home/bscholtz/.gradle/caches/modules-2/files-2.1/org.jetbrains.kotlin/kotlin-compiler-embeddable/1.2.0/17eefd45a8efe1fd7d537d3f8e981f6d76c5ae0e/kotlin-compiler-embeddable-1.2.0.jar
7ffa0b20e000-7ffa0b20f000 ---p 00000000 00:00 0 
7ffa0b20f000-7ffa0b30f000 rw-p 00000000 00:00 0 
7ffa0b30f000-7ffa0b312000 ---p 00000000 00:00 0 
7ffa0b312000-7ffa0b410000 rw-p 00000000 00:00 0 
7ffa0b410000-7ffa0b413000 ---p 00000000 00:00 0 
7ffa0b413000-7ffa0b511000 rw-p 00000000 00:00 0 
7ffa0b511000-7ffa0b514000 ---p 00000000 00:00 0 
7ffa0b514000-7ffa0b612000 rw-p 00000000 00:00 0 
7ffa0b612000-7ffa0b615000 ---p 00000000 00:00 0 
7ffa0b615000-7ffa0b713000 rw-p 00000000 00:00 0 
7ffa0b713000-7ffa0b716000 ---p 00000000 00:00 0 
7ffa0b716000-7ffa0b814000 rw-p 00000000 00:00 0 
7ffa0b814000-7ffa0b817000 ---p 00000000 00:00 0 
7ffa0b817000-7ffa0b915000 rw-p 00000000 00:00 0 
7ffa0b915000-7ffa0bafb000 r--p 00000000 fe:02 5168491                    /usr/lib/locale/locale-archive
7ffa0bafb000-7ffa0bafe000 ---p 00000000 00:00 0 
7ffa0bafe000-7ffa0bbfc000 rw-p 00000000 00:00 0 
7ffa0bbfc000-7ffa0bbff000 ---p 00000000 00:00 0 
7ffa0bbff000-7ffa0bcfd000 rw-p 00000000 00:00 0 
7ffa0bcfd000-7ffa0bcfe000 ---p 00000000 00:00 0 
7ffa0bcfe000-7ffa0c000000 rw-p 00000000 00:00 0 
7ffa0c000000-7ffa0c021000 rw-p 00000000 00:00 0 
7ffa0c021000-7ffa10000000 ---p 00000000 00:00 0 
7ffa10000000-7ffa10002000 r--s 0000d000 fe:03 1708725                    /home/bscholtz/.gradle/caches/modules-2/files-2.1/com.jakewharton/butterknife-compiler/8.8.0/c12246b027ec055d6641b5ee7819811507f5016d/butterknife-compiler-8.8.0.jar
7ffa10008000-7ffa1000b000 r--s 00029000 fe:03 272205                     /home/bscholtz/.gradle/caches/transforms-1/files-1.1/support-fragment-27.0.2.aar/c8177a0371477430b98e965212e25780/jars/classes.jar
7ffa1000b000-7ffa10010000 r--s 00023000 fe:03 271674                     /home/bscholtz/.gradle/caches/transforms-1/files-1.1/firebase-auth-11.8.0.aar/3b02e8bcf9191eb1c8b44597718f315e/jars/classes.jar
7ffa10010000-7ffa1001b000 r--s 000a0000 fe:03 272202                     /home/bscholtz/.gradle/caches/transforms-1/files-1.1/appcompat-v7-27.0.2.aar/ca9b5b26ad208c1dc2e5aa58a717c5b9/jars/classes.jar
7ffa1001b000-7ffa1001d000 r--s 00015000 fe:03 415969                     /home/bscholtz/.gradle/caches/modules-2/files-2.1/io.realm/realm-annotations-processor/4.1.1/58cbb6773191356ff0a0151e1f082c72ece8fe7c/realm-annotations-processor-4.1.1.jar
7ffa1001d000-7ffa1001e000 r--s 00005000 fe:03 1966841                    /home/bscholtz/.gradle/caches/modules-2/files-2.1/ch.hsr/geohash/1.3.0/aa98ad806e1179f7e88b566142a7c85b2fe3cc89/geohash-1.3.0.jar
7ffa1001e000-7ffa1001f000 r--s 00000000 fe:03 1838980                    /home/bscholtz/.gradle/caches/modules-2/files-2.1/javax.inject/javax.inject/1/6975da39a7040257bd51d21a231b76c915872d38/javax.inject-1.jar
7ffa1001f000-7ffa10022000 r--s 00004000 fe:03 1842115                    /home/bscholtz/.gradle/caches/modules-2/files-2.1/com.android.support/support-annotations/27.0.2/b9ef4342c934a1a8b107506273dc8061662a322/support-annotations-27.0.2.jar
7ffa10022000-7ffa10025000 r--s 00017000 fe:03 272355                     /home/bscholtz/.gradle/caches/transforms-1/files-1.1/support-core-utils-27.0.2.aar/ad0e40abc8f542754efaf2ed3790919a/jars/classes.jar
7ffa10025000-7ffa1002c000 r--s 0004c000 fe:03 271672                     /home/bscholtz/.gradle/caches/transforms-1/files-1.1/design-27.0.2.aar/fbd9e3f171ca7b6ca6c78da9851fa307/jars/classes.jar
7ffa1002c000-7ffa10034000 r--s 0004c000 fe:03 272710                     /home/bscholtz/.gradle/caches/transforms-1/files-1.1/support-media-compat-27.0.2.aar/3a139311d323ec654fd7fd538e48c315/jars/classes.jar
7ffa10034000-7ffa10040000 r--s 0007b000 fe:03 272733                     /home/bscholtz/.gradle/caches/transforms-1/files-1.1/support-compat-27.0.2.aar/d5f729076a3a5bd21be9963f7d767011/jars/classes.jar
7ffa10040000-7ffa10046000 r--s 00055000 fe:03 272432                     /home/bscholtz/.gradle/caches/transforms-1/files-1.1/recyclerview-v7-27.0.2.aar/6469faeeb9fa3eb0a471acf97b37c76e/jars/classes.jar
7ffa10046000-7ffa1004a000 r--s 0001a000 fe:03 1966853                    /home/bscholtz/.gradle/caches/modules-2/files-2.1/com.mobsandgeeks/android-saripaar/2.0.3/abd8da523222180f9531768c62509edf6cd9b02e/android-saripaar-2.0.3.jar
7ffa1004b000-7ffa1004d000 r--s 00004000 fe:03 1970303                    /home/bscholtz/.gradle/caches/modules-2/files-2.1/android.arch.lifecycle/common/1.0.3/7d7f60c4783872861222166f6164215f8951c7b1/common-1.0.3.jar
7ffa1005d000-7ffa1005f000 r--s 00004000 fe:03 271663                     /home/bscholtz/.gradle/caches/transforms-1/files-1.1/bottomsheet-core-1.5.3.aar/d6521f0b326c8c9aab6fbe60325f4e6d/jars/classes.jar
7ffa1005f000-7ffa10061000 r--s 0000c000 fe:03 272689                     /home/bscholtz/.gradle/caches/transforms-1/files-1.1/material-tap-target-prompt-2.5.0.aar/856a375980bca8832fffd3262723ee7d/jars/classes.jar
7ffa10062000-7ffa10066000 r--s 0003a000 fe:03 272694                     /home/bscholtz/.gradle/caches/transforms-1/files-1.1/support-core-ui-27.0.2.aar/cbacc3e05bffcb39f9dcf3ae6aff5853/jars/classes.jar
7ffa10066000-7ffa10078000 r--s 00345000 fe:02 800122                     /opt/android-studio-canary/jre/jre/lib/resources.jar
7ffa10078000-7ffa100f1000 r--s 010fd000 fe:02 800251                     /opt/android-studio-canary/jre/lib/tools.jar
7ffa100f1000-7ffa14000000 rw-p 00000000 00:00 0 
7ffa14000000-7ffa14021000 rw-p 00000000 00:00 0 
7ffa14021000-7ffa18000000 ---p 00000000 00:00 0 
7ffa18000000-7ffa18021000 rw-p 00000000 00:00 0 
7ffa18021000-7ffa1c000000 ---p 00000000 00:00 0 
7ffa1c000000-7ffa1c024000 rw-p 00000000 00:00 0 
7ffa1c024000-7ffa20000000 ---p 00000000 00:00 0 
7ffa20000000-7ffa20021000 rw-p 00000000 00:00 0 
7ffa20021000-7ffa24000000 ---p 00000000 00:00 0 
7ffa24000000-7ffa2429e000 rw-p 00000000 00:00 0 
7ffa2429e000-7ffa28000000 ---p 00000000 00:00 0 
7ffa28000000-7ffa28025000 rw-p 00000000 00:00 0 
7ffa28025000-7ffa2c000000 ---p 00000000 00:00 0 
7ffa2c000000-7ffa2c021000 rw-p 00000000 00:00 0 
7ffa2c021000-7ffa30000000 ---p 00000000 00:00 0 
7ffa30001000-7ffa30003000 r--s 0000b000 fe:03 2235778                    /home/bscholtz/.gradle/caches/transforms-1/files-1.1/library-5.4.3.aar/73fd383f5377962113cab6b61c7a07f5/jars/classes.jar
7ffa30003000-7ffa30005000 r--s 00003000 fe:03 1838978                    /home/bscholtz/.gradle/caches/modules-2/files-2.1/com.jakewharton/butterknife-annotations/8.8.0/b258209549457d03e912ec4641735fc88048df99/butterknife-annotations-8.8.0.jar
7ffa30005000-7ffa30006000 r--s 00002000 fe:03 272959                     /home/bscholtz/.gradle/caches/transforms-1/files-1.1/runtime-1.0.3.aar/db904e36a44907b3318dfa8b3c5c5f15/jars/classes.jar
7ffa30006000-7ffa3000d000 r--s 00041000 fe:03 396618                     /home/bscholtz/.gradle/caches/modules-2/files-2.1/org.jetbrains.kotlin/kotlin-android-extensions/1.2.0/41b2a2ff56ce9abefb0d0d9d9750cdae749e9143/kotlin-android-extensions-1.2.0.jar
7ffa3000d000-7ffa30028000 r--s 00394000 fe:02 800207                     /opt/android-studio-canary/jre/jre/lib/ext/cldrdata.jar
7ffa30028000-7ffa3005c000 r--s 00239000 fe:03 9989754                    /home/bscholtz/.gradle/caches/jars-3/9b2ad6e490dafa7b23339296a2c97f4e/kotlin-reflect-1.2.0.jar
7ffa3005c000-7ffa31000000 rw-p 00000000 00:00 0 
7ffa31000000-7ffa37660000 rwxp 00000000 00:00 0 
7ffa37660000-7ffa40000000 ---p 00000000 00:00 0 
7ffa40000000-7ffa404b5000 rw-p 00000000 00:00 0 
7ffa404b5000-7ffa44000000 ---p 00000000 00:00 0 
7ffa44000000-7ffa44001000 r--s 00001000 fe:03 272682                     /home/bscholtz/.gradle/caches/transforms-1/files-1.1/circleimageview-2.2.0.aar/036960ffcd41d6343d5bb6a0d7092f11/jars/classes.jar
7ffa44001000-7ffa44005000 r--s 00030000 fe:03 396617                     /home/bscholtz/.gradle/caches/modules-2/files-2.1/org.jetbrains.kotlin/kotlin-annotation-processing-gradle/1.2.0/d2cd3266a0bba63d34e9a7176e554571739c85d3/kotlin-annotation-processing-gradle-1.2.0.jar
7ffa44005000-7ffa4400a000 r--s 0009a000 fe:02 800124                     /opt/android-studio-canary/jre/jre/lib/jsse.jar
7ffa4400a000-7ffa4401a000 r--s 000d4000 fe:03 9989755                    /home/bscholtz/.gradle/caches/jars-3/5d46a7bc936f4bc0d131fbf26d5d24b2/kotlin-stdlib-1.2.0.jar
7ffa4401a000-7ffa443ef000 rw-p 00000000 00:00 0 
7ffa443ef000-7ffa445bf000 r--s 03c46000 fe:02 800142                     /opt/android-studio-canary/jre/jre/lib/rt.jar
7ffa445bf000-7ffa44935000 rw-p 00000000 00:00 0 
7ffa44935000-7ffa44936000 ---p 00000000 00:00 0 
7ffa44936000-7ffa44a36000 rw-p 00000000 00:00 0 
7ffa44a36000-7ffa44a37000 ---p 00000000 00:00 0 
7ffa44a37000-7ffa44b37000 rw-p 00000000 00:00 0 
7ffa44b37000-7ffa44b38000 ---p 00000000 00:00 0 
7ffa44b38000-7ffa44c38000 rw-p 00000000 00:00 0 
7ffa44c38000-7ffa44c39000 ---p 00000000 00:00 0 
7ffa44c39000-7ffa44d39000 rw-p 00000000 00:00 0 
7ffa44d39000-7ffa44d3a000 ---p 00000000 00:00 0 
7ffa44d3a000-7ffa44e3a000 rw-p 00000000 00:00 0 
7ffa44e3a000-7ffa44e3b000 ---p 00000000 00:00 0 
7ffa44e3b000-7ffa44f3b000 rw-p 00000000 00:00 0 
7ffa44f3b000-7ffa44f3c000 ---p 00000000 00:00 0 
7ffa44f3c000-7ffa4503c000 rw-p 00000000 00:00 0 
7ffa4503c000-7ffa4503d000 ---p 00000000 00:00 0 
7ffa4503d000-7ffa45261000 rw-p 00000000 00:00 0 
7ffa45261000-7ffa4533d000 ---p 00000000 00:00 0 
7ffa4533d000-7ffa45461000 rw-p 00000000 00:00 0 
7ffa45461000-7ffa4553d000 ---p 00000000 00:00 0 
7ffa4553d000-7ffa4563d000 rw-p 00000000 00:00 0 
7ffa4563d000-7ffa457d8000 rw-p 00000000 00:00 0 
7ffa457d8000-7ffa459fe000 ---p 00000000 00:00 0 
7ffa459fe000-7ffa45a18000 r-xp 00000000 fe:02 800183                     /opt/android-studio-canary/jre/jre/lib/amd64/libzip.so
7ffa45a18000-7ffa45c18000 ---p 0001a000 fe:02 800183                     /opt/android-studio-canary/jre/jre/lib/amd64/libzip.so
7ffa45c18000-7ffa45c19000 r--p 0001a000 fe:02 800183                     /opt/android-studio-canary/jre/jre/lib/amd64/libzip.so
7ffa45c19000-7ffa45c1a000 rw-p 0001b000 fe:02 800183                     /opt/android-studio-canary/jre/jre/lib/amd64/libzip.so
7ffa45c1a000-7ffa45c25000 r-xp 00000000 fe:02 5114010                    /usr/lib/libnss_files-2.26.so
7ffa45c25000-7ffa45e24000 ---p 0000b000 fe:02 5114010                    /usr/lib/libnss_files-2.26.so
7ffa45e24000-7ffa45e25000 r--p 0000a000 fe:02 5114010                    /usr/lib/libnss_files-2.26.so
7ffa45e25000-7ffa45e26000 rw-p 0000b000 fe:02 5114010                    /usr/lib/libnss_files-2.26.so
7ffa45e26000-7ffa45e2c000 rw-p 00000000 00:00 0 
7ffa45e2c000-7ffa45e59000 r-xp 00000000 fe:02 800197                     /opt/android-studio-canary/jre/jre/lib/amd64/libjava.so
7ffa45e59000-7ffa46058000 ---p 0002d000 fe:02 800197                     /opt/android-studio-canary/jre/jre/lib/amd64/libjava.so
7ffa46058000-7ffa46059000 r--p 0002c000 fe:02 800197                     /opt/android-studio-canary/jre/jre/lib/amd64/libjava.so
7ffa46059000-7ffa4605b000 rw-p 0002d000 fe:02 800197                     /opt/android-studio-canary/jre/jre/lib/amd64/libjava.so
7ffa4605b000-7ffa4606b000 r-xp 00000000 fe:02 800170                     /opt/android-studio-canary/jre/jre/lib/amd64/libverify.so
7ffa4606b000-7ffa4626a000 ---p 00010000 fe:02 800170                     /opt/android-studio-canary/jre/jre/lib/amd64/libverify.so
7ffa4626a000-7ffa4626c000 r--p 0000f000 fe:02 800170                     /opt/android-studio-canary/jre/jre/lib/amd64/libverify.so
7ffa4626c000-7ffa4626d000 rw-p 00011000 fe:02 800170                     /opt/android-studio-canary/jre/jre/lib/amd64/libverify.so
7ffa4626d000-7ffa46274000 r-xp 00000000 fe:02 5113996                    /usr/lib/librt-2.26.so
7ffa46274000-7ffa46473000 ---p 00007000 fe:02 5113996                    /usr/lib/librt-2.26.so
7ffa46473000-7ffa46474000 r--p 00006000 fe:02 5113996                    /usr/lib/librt-2.26.so
7ffa46474000-7ffa46475000 rw-p 00007000 fe:02 5113996                    /usr/lib/librt-2.26.so
7ffa46475000-7ffa465c0000 r-xp 00000000 fe:02 5114001                    /usr/lib/libm-2.26.so
7ffa465c0000-7ffa467bf000 ---p 0014b000 fe:02 5114001                    /usr/lib/libm-2.26.so
7ffa467bf000-7ffa467c0000 r--p 0014a000 fe:02 5114001                    /usr/lib/libm-2.26.so
7ffa467c0000-7ffa467c1000 rw-p 0014b000 fe:02 5114001                    /usr/lib/libm-2.26.so
7ffa467c1000-7ffa473bd000 r-xp 00000000 fe:02 800199                     /opt/android-studio-canary/jre/jre/lib/amd64/server/libjvm.so
7ffa473bd000-7ffa475bd000 ---p 00bfc000 fe:02 800199                     /opt/android-studio-canary/jre/jre/lib/amd64/server/libjvm.so
7ffa475bd000-7ffa4765d000 r--p 00bfc000 fe:02 800199                     /opt/android-studio-canary/jre/jre/lib/amd64/server/libjvm.so
7ffa4765d000-7ffa47686000 rw-p 00c9c000 fe:02 800199                     /opt/android-studio-canary/jre/jre/lib/amd64/server/libjvm.so
7ffa47686000-7ffa476ca000 rw-p 00000000 00:00 0 
7ffa476ca000-7ffa476e3000 r-xp 00000000 fe:02 5114093                    /usr/lib/libpthread-2.26.so
7ffa476e3000-7ffa478e2000 ---p 00019000 fe:02 5114093                    /usr/lib/libpthread-2.26.so
7ffa478e2000-7ffa478e3000 r--p 00018000 fe:02 5114093                    /usr/lib/libpthread-2.26.so
7ffa478e3000-7ffa478e4000 rw-p 00019000 fe:02 5114093                    /usr/lib/libpthread-2.26.so
7ffa478e4000-7ffa478e8000 rw-p 00000000 00:00 0 
7ffa478e8000-7ffa478eb000 r-xp 00000000 fe:02 5114006                    /usr/lib/libdl-2.26.so
7ffa478eb000-7ffa47aea000 ---p 00003000 fe:02 5114006                    /usr/lib/libdl-2.26.so
7ffa47aea000-7ffa47aeb000 r--p 00002000 fe:02 5114006                    /usr/lib/libdl-2.26.so
7ffa47aeb000-7ffa47aec000 rw-p 00003000 fe:02 5114006                    /usr/lib/libdl-2.26.so
7ffa47aec000-7ffa47c9a000 r-xp 00000000 fe:02 5114072                    /usr/lib/libc-2.26.so
7ffa47c9a000-7ffa47e99000 ---p 001ae000 fe:02 5114072                    /usr/lib/libc-2.26.so
7ffa47e99000-7ffa47e9d000 r--p 001ad000 fe:02 5114072                    /usr/lib/libc-2.26.so
7ffa47e9d000-7ffa47e9f000 rw-p 001b1000 fe:02 5114072                    /usr/lib/libc-2.26.so
7ffa47e9f000-7ffa47ea3000 rw-p 00000000 00:00 0 
7ffa47ea3000-7ffa47eb9000 r-xp 00000000 fe:02 800201                     /opt/android-studio-canary/jre/jre/lib/amd64/jli/libjli.so
7ffa47eb9000-7ffa480b8000 ---p 00016000 fe:02 800201                     /opt/android-studio-canary/jre/jre/lib/amd64/jli/libjli.so
7ffa480b8000-7ffa480b9000 r--p 00015000 fe:02 800201                     /opt/android-studio-canary/jre/jre/lib/amd64/jli/libjli.so
7ffa480b9000-7ffa480ba000 rw-p 00016000 fe:02 800201                     /opt/android-studio-canary/jre/jre/lib/amd64/jli/libjli.so
7ffa480ba000-7ffa480df000 r-xp 00000000 fe:02 5114073                    /usr/lib/ld-2.26.so
7ffa480df000-7ffa480e9000 r--s 00116000 fe:02 800205                     /opt/android-studio-canary/jre/jre/lib/ext/localedata.jar
7ffa480e9000-7ffa480eb000 r--s 00008000 fe:03 396616                     /home/bscholtz/.gradle/caches/modules-2/files-2.1/org.jetbrains.kotlin/kotlin-script-runtime/1.2.0/269ab8b6a2d55c23dbf2e317a1af2b4c7e8d54b6/kotlin-script-runtime-1.2.0.jar
7ffa480eb000-7ffa4818f000 rw-p 00000000 00:00 0 
7ffa4818f000-7ffa48192000 ---p 00000000 00:00 0 
7ffa48192000-7ffa48292000 rw-p 00000000 00:00 0 
7ffa48292000-7ffa48293000 r--s 00005000 fe:03 272469                     /home/bscholtz/.gradle/caches/transforms-1/files-1.1/cardview-v7-27.0.2.aar/1737ccfaf76346061ff6b4bbc45dfe6e/jars/classes.jar
7ffa48293000-7ffa482d2000 rw-p 00000000 00:00 0 
7ffa482d2000-7ffa482da000 rw-s 00000000 00:29 98787                      /tmp/hsperfdata_bscholtz/5248
7ffa482da000-7ffa482db000 rw-p 00000000 00:00 0 
7ffa482db000-7ffa482dc000 ---p 00000000 00:00 0 
7ffa482dc000-7ffa482de000 rw-p 00000000 00:00 0 
7ffa482de000-7ffa482df000 r--p 00024000 fe:02 5114073                    /usr/lib/ld-2.26.so
7ffa482df000-7ffa482e0000 rw-p 00025000 fe:02 5114073                    /usr/lib/ld-2.26.so
7ffa482e0000-7ffa482e1000 rw-p 00000000 00:00 0 
7ffc56cd9000-7ffc56cfa000 rw-p 00000000 00:00 0                          [stack]
7ffc56d4f000-7ffc56d52000 r--p 00000000 00:00 0                          [vvar]
7ffc56d52000-7ffc56d54000 r-xp 00000000 00:00 0                          [vdso]
ffffffffff600000-ffffffffff601000 r-xp 00000000 00:00 0                  [vsyscall]

VM Arguments:
jvm_args: -Djava.awt.headless=true -Djava.rmi.server.hostname=localhost -Xmx1536m -Dkotlin.environment.keepalive 
java_command: org.jetbrains.kotlin.daemon.KotlinCompileDaemon --daemon-runFilesPath /home/bscholtz/.local/share/kotlin/daemon --daemon-autoshutdownIdleSeconds=7200 --daemon-compilerClasspath /home/bscholtz/.gradle/caches/modules-2/files-2.1/org.jetbrains.kotlin/kotlin-compiler-embeddable/1.2.0/17eefd45a8efe1fd7d537d3f8e981f6d76c5ae0e/kotlin-compiler-embeddable-1.2.0.jar:/home/bscholtz/.gradle/caches/jars-3/5d46a7bc936f4bc0d131fbf26d5d24b2/kotlin-stdlib-1.2.0.jar:/home/bscholtz/.gradle/caches/modules-2/files-2.1/org.jetbrains.kotlin/kotlin-script-runtime/1.2.0/269ab8b6a2d55c23dbf2e317a1af2b4c7e8d54b6/kotlin-script-runtime-1.2.0.jar:/home/bscholtz/.gradle/caches/jars-3/9b2ad6e490dafa7b23339296a2c97f4e/kotlin-reflect-1.2.0.jar:/opt/android-studio-canary/jre/lib/tools.jar
java_class_path (initial): /home/bscholtz/.gradle/caches/modules-2/files-2.1/org.jetbrains.kotlin/kotlin-compiler-embeddable/1.2.0/17eefd45a8efe1fd7d537d3f8e981f6d76c5ae0e/kotlin-compiler-embeddable-1.2.0.jar:/home/bscholtz/.gradle/caches/jars-3/5d46a7bc936f4bc0d131fbf26d5d24b2/kotlin-stdlib-1.2.0.jar:/home/bscholtz/.gradle/caches/modules-2/files-2.1/org.jetbrains.kotlin/kotlin-script-runtime/1.2.0/269ab8b6a2d55c23dbf2e317a1af2b4c7e8d54b6/kotlin-script-runtime-1.2.0.jar:/home/bscholtz/.gradle/caches/jars-3/9b2ad6e490dafa7b23339296a2c97f4e/kotlin-reflect-1.2.0.jar:/opt/android-studio-canary/jre/lib/tools.jar
Launcher Type: SUN_STANDARD

Environment Variables:
PATH=/home/bscholtz/.nvm/versions/node/v9.1.0/bin:/usr/local/sbin:/usr/local/bin:/usr/bin:/usr/lib/jvm/default/bin:/opt/opencascade/bin:/usr/bin/site_perl:/usr/bin/vendor_perl:/usr/bin/core_perl:/home/bscholtz/bin
LD_LIBRARY_PATH=/opt/opencascade/lib
SHELL=/bin/bash
DISPLAY=:0

Signal Handlers:
SIGSEGV: [libjvm.so+0x9edb30], sa_mask[0]=11111111011111111101111111111110, sa_flags=SA_RESTART|SA_SIGINFO
SIGBUS: [libjvm.so+0x9edb30], sa_mask[0]=11111111011111111101111111111110, sa_flags=SA_RESTART|SA_SIGINFO
SIGFPE: [libjvm.so+0x84e800], sa_mask[0]=11111111011111111101111111111110, sa_flags=SA_RESTART|SA_SIGINFO
SIGPIPE: [libjvm.so+0x84e800], sa_mask[0]=11111111011111111101111111111110, sa_flags=SA_RESTART|SA_SIGINFO
SIGXFSZ: [libjvm.so+0x84e800], sa_mask[0]=11111111011111111101111111111110, sa_flags=SA_RESTART|SA_SIGINFO
SIGILL: [libjvm.so+0x84e800], sa_mask[0]=11111111011111111101111111111110, sa_flags=SA_RESTART|SA_SIGINFO
SIGUSR1: SIG_DFL, sa_mask[0]=00000000000000000000000000000000, sa_flags=none
SIGUSR2: [libjvm.so+0x84e6d0], sa_mask[0]=00100000000000000000000000000000, sa_flags=SA_RESTART|SA_SIGINFO
SIGHUP: [libjvm.so+0x84e8c0], sa_mask[0]=11111111011111111101111111111110, sa_flags=SA_RESTART|SA_SIGINFO
SIGINT: [libjvm.so+0x84e8c0], sa_mask[0]=11111111011111111101111111111110, sa_flags=SA_RESTART|SA_SIGINFO
SIGTERM: [libjvm.so+0x84e8c0], sa_mask[0]=11111111011111111101111111111110, sa_flags=SA_RESTART|SA_SIGINFO
SIGQUIT: [libjvm.so+0x84e8c0], sa_mask[0]=11111111011111111101111111111110, sa_flags=SA_RESTART|SA_SIGINFO


---------------  S Y S T E M  ---------------

OS:NAME="Arch Linux"
PRETTY_NAME="Arch Linux"
ID=arch
ID_LIKE=archlinux
ANSI_COLOR="0;36"
HOME_URL="https://www.archlinux.org/"
SUPPORT_URL="https://bbs.archlinux.org/"
BUG_REPORT_URL="https://bugs.archlinux.org/"

uname:Linux 4.14.13-1-ARCH #1 SMP PREEMPT Wed Jan 10 11:14:50 UTC 2018 x86_64
libc:glibc 2.26 NPTL 2.26 
rlimit: STACK 8192k, CORE infinity, NPROC 31201, NOFILE 4096, AS infinity
load average:78.16 21.45 8.06

/proc/meminfo:
MemTotal:        8052536 kB
MemFree:         2719900 kB
MemAvailable:    2664232 kB
Buffers:            8624 kB
Cached:           120976 kB
SwapCached:      2875928 kB
Active:          1160352 kB
Inactive:        1928316 kB
Active(anon):    1147936 kB
Inactive(anon):  1827536 kB
Active(file):      12416 kB
Inactive(file):   100780 kB
Unevictable:           0 kB
Mlocked:               0 kB
SwapTotal:       8388600 kB
SwapFree:         703996 kB
Dirty:                48 kB
Writeback:        953112 kB
AnonPages:        100976 kB
Mapped:            75204 kB
Shmem:             16472 kB
Slab:             627288 kB
SReclaimable:      57328 kB
SUnreclaim:       569960 kB
KernelStack:       15952 kB
PageTables:        42224 kB
NFS_Unstable:          0 kB
Bounce:                0 kB
WritebackTmp:          0 kB
CommitLimit:    12414868 kB
Committed_AS:   11709940 kB
VmallocTotal:   34359738367 kB
VmallocUsed:           0 kB
VmallocChunk:          0 kB
HardwareCorrupted:     0 kB
AnonHugePages:     22528 kB
ShmemHugePages:        0 kB
ShmemPmdMapped:        0 kB
HugePages_Total:       0
HugePages_Free:        0
HugePages_Rsvd:        0
HugePages_Surp:        0
Hugepagesize:       2048 kB
DirectMap4k:      168244 kB
DirectMap2M:     3907584 kB
DirectMap1G:     4194304 kB


CPU:total 8 (initial active 8) (4 cores per cpu, 2 threads per core) family 6 model 142 stepping 10, cmov, cx8, fxsr, mmx, sse, sse2, sse3, ssse3, sse4.1, sse4.2, popcnt, avx, avx2, aes, clmul, erms, 3dnowpref, lzcnt, ht, tsc, tscinvbit, bmi1, bmi2, adx

/proc/cpuinfo:
processor	: 0
vendor_id	: GenuineIntel
cpu family	: 6
model		: 142
model name	: Intel(R) Core(TM) i5-8250U CPU @ 1.60GHz
stepping	: 10
microcode	: 0x80
cpu MHz		: 3400.021
cache size	: 6144 KB
physical id	: 0
siblings	: 8
core id		: 0
cpu cores	: 4
apicid		: 0
initial apicid	: 0
fpu		: yes
fpu_exception	: yes
cpuid level	: 22
wp		: yes
flags		: fpu vme de pse tsc msr pae mce cx8 apic sep mtrr pge mca cmov pat pse36 clflush dts acpi mmx fxsr sse sse2 ss ht tm pbe syscall nx pdpe1gb rdtscp lm constant_tsc art arch_perfmon pebs bts rep_good nopl xtopology nonstop_tsc cpuid aperfmperf tsc_known_freq pni pclmulqdq dtes64 monitor ds_cpl vmx est tm2 ssse3 sdbg fma cx16 xtpr pdcm pcid sse4_1 sse4_2 x2apic movbe popcnt tsc_deadline_timer aes xsave avx f16c rdrand lahf_lm abm 3dnowprefetch cpuid_fault epb invpcid_single pti intel_pt tpr_shadow vnmi flexpriority ept vpid fsgsbase tsc_adjust bmi1 avx2 smep bmi2 erms invpcid mpx rdseed adx smap clflushopt xsaveopt xsavec xgetbv1 xsaves dtherm ida arat pln pts hwp hwp_notify hwp_act_window hwp_epp
bugs		: cpu_meltdown
bogomips	: 3601.00
clflush size	: 64
cache_alignment	: 64
address sizes	: 39 bits physical, 48 bits virtual
power management:

processor	: 1
vendor_id	: GenuineIntel
cpu family	: 6
model		: 142
model name	: Intel(R) Core(TM) i5-8250U CPU @ 1.60GHz
stepping	: 10
microcode	: 0x80
cpu MHz		: 3399.999
cache size	: 6144 KB
physical id	: 0
siblings	: 8
core id		: 1
cpu cores	: 4
apicid		: 2
initial apicid	: 2
fpu		: yes
fpu_exception	: yes
cpuid level	: 22
wp		: yes
flags		: fpu vme de pse tsc msr pae mce cx8 apic sep mtrr pge mca cmov pat pse36 clflush dts acpi mmx fxsr sse sse2 ss ht tm pbe syscall nx pdpe1gb rdtscp lm constant_tsc art arch_perfmon pebs bts rep_good nopl xtopology nonstop_tsc cpuid aperfmperf tsc_known_freq pni pclmulqdq dtes64 monitor ds_cpl vmx est tm2 ssse3 sdbg fma cx16 xtpr pdcm pcid sse4_1 sse4_2 x2apic movbe popcnt tsc_deadline_timer aes xsave avx f16c rdrand lahf_lm abm 3dnowprefetch cpuid_fault epb invpcid_single pti intel_pt tpr_shadow vnmi flexpriority ept vpid fsgsbase tsc_adjust bmi1 avx2 smep bmi2 erms invpcid mpx rdseed adx smap clflushopt xsaveopt xsavec xgetbv1 xsaves dtherm ida arat pln pts hwp hwp_notify hwp_act_window hwp_epp
bugs		: cpu_meltdown
bogomips	: 3601.00
clflush size	: 64
cache_alignment	: 64
address sizes	: 39 bits physical, 48 bits virtual
power management:

processor	: 2
vendor_id	: GenuineIntel
cpu family	: 6
model		: 142
model name	: Intel(R) Core(TM) i5-8250U CPU @ 1.60GHz
stepping	: 10
microcode	: 0x80
cpu MHz		: 3400.000
cache size	: 6144 KB
physical id	: 0
siblings	: 8
core id		: 2
cpu cores	: 4
apicid		: 4
initial apicid	: 4
fpu		: yes
fpu_exception	: yes
cpuid level	: 22
wp		: yes
flags		: fpu vme de pse tsc msr pae mce cx8 apic sep mtrr pge mca cmov pat pse36 clflush dts acpi mmx fxsr sse sse2 ss ht tm pbe syscall nx pdpe1gb rdtscp lm constant_tsc art arch_perfmon pebs bts rep_good nopl xtopology nonstop_tsc cpuid aperfmperf tsc_known_freq pni pclmulqdq dtes64 monitor ds_cpl vmx est tm2 ssse3 sdbg fma cx16 xtpr pdcm pcid sse4_1 sse4_2 x2apic movbe popcnt tsc_deadline_timer aes xsave avx f16c rdrand lahf_lm abm 3dnowprefetch cpuid_fault epb invpcid_single pti intel_pt tpr_shadow vnmi flexpriority ept vpid fsgsbase tsc_adjust bmi1 avx2 smep bmi2 erms invpcid mpx rdseed adx smap clflushopt xsaveopt xsavec xgetbv1 xsaves dtherm ida arat pln pts hwp hwp_notify hwp_act_window hwp_epp
bugs		: cpu_meltdown
bogomips	: 3601.00
clflush size	: 64
cache_alignment	: 64
address sizes	: 39 bits physical, 48 bits virtual
power management:

processor	: 3
vendor_id	: GenuineIntel
cpu family	: 6
model		: 142
model name	: Intel(R) Core(TM) i5-8250U CPU @ 1.60GHz
stepping	: 10
microcode	: 0x80
cpu MHz		: 3399.999
cache size	: 6144 KB
physical id	: 0
siblings	: 8
core id		: 3
cpu cores	: 4
apicid		: 6
initial apicid	: 6
fpu		: yes
fpu_exception	: yes
cpuid level	: 22
wp		: yes
flags		: fpu vme de pse tsc msr pae mce cx8 apic sep mtrr pge mca cmov pat pse36 clflush dts acpi mmx fxsr sse sse2 ss ht tm pbe syscall nx pdpe1gb rdtscp lm constant_tsc art arch_perfmon pebs bts rep_good nopl xtopology nonstop_tsc cpuid aperfmperf tsc_known_freq pni pclmulqdq dtes64 monitor ds_cpl vmx est tm2 ssse3 sdbg fma cx16 xtpr pdcm pcid sse4_1 sse4_2 x2apic movbe popcnt tsc_deadline_timer aes xsave avx f16c rdrand lahf_lm abm 3dnowprefetch cpuid_fault epb invpcid_single pti intel_pt tpr_shadow vnmi flexpriority ept vpid fsgsbase tsc_adjust bmi1 avx2 smep bmi2 erms invpcid mpx rdseed adx smap clflushopt xsaveopt xsavec xgetbv1 xsaves dtherm ida arat pln pts hwp hwp_notify hwp_act_window hwp_epp
bugs		: cpu_meltdown
bogomips	: 3601.00
clflush size	: 64
cache_alignment	: 64
address sizes	: 39 bits physical, 48 bits virtual
power management:

processor	: 4
vendor_id	: GenuineIntel
cpu family	: 6
model		: 142
model name	: Intel(R) Core(TM) i5-8250U CPU @ 1.60GHz
stepping	: 10
microcode	: 0x80
cpu MHz		: 3400.000
cache size	: 6144 KB
physical id	: 0
siblings	: 8
core id		: 0
cpu cores	: 4
apicid		: 1
initial apicid	: 1
fpu		: yes
fpu_exception	: yes
cpuid level	: 22
wp		: yes
flags		: fpu vme de pse tsc msr pae mce cx8 apic sep mtrr pge mca cmov pat pse36 clflush dts acpi mmx fxsr sse sse2 ss ht tm pbe syscall nx pdpe1gb rdtscp lm constant_tsc art arch_perfmon pebs bts rep_good nopl xtopology nonstop_tsc cpuid aperfmperf tsc_known_freq pni pclmulqdq dtes64 monitor ds_cpl vmx est tm2 ssse3 sdbg fma cx16 xtpr pdcm pcid sse4_1 sse4_2 x2apic movbe popcnt tsc_deadline_timer aes xsave avx f16c rdrand lahf_lm abm 3dnowprefetch cpuid_fault epb invpcid_single pti intel_pt tpr_shadow vnmi flexpriority ept vpid fsgsbase tsc_adjust bmi1 avx2 smep bmi2 erms invpcid mpx rdseed adx smap clflushopt xsaveopt xsavec xgetbv1 xsaves dtherm ida arat pln pts hwp hwp_notify hwp_act_window hwp_epp
bugs		: cpu_meltdown
bogomips	: 3601.00
clflush size	: 64
cache_alignment	: 64
address sizes	: 39 bits physical, 48 bits virtual
power management:

processor	: 5
vendor_id	: GenuineIntel
cpu family	: 6
model		: 142
model name	: Intel(R) Core(TM) i5-8250U CPU @ 1.60GHz
stepping	: 10
microcode	: 0x80
cpu MHz		: 3400.000
cache size	: 6144 KB
physical id	: 0
siblings	: 8
core id		: 1
cpu cores	: 4
apicid		: 3
initial apicid	: 3
fpu		: yes
fpu_exception	: yes
cpuid level	: 22
wp		: yes
flags		: fpu vme de pse tsc msr pae mce cx8 apic sep mtrr pge mca cmov pat pse36 clflush dts acpi mmx fxsr sse sse2 ss ht tm pbe syscall nx pdpe1gb rdtscp lm constant_tsc art arch_perfmon pebs bts rep_good nopl xtopology nonstop_tsc cpuid aperfmperf tsc_known_freq pni pclmulqdq dtes64 monitor ds_cpl vmx est tm2 ssse3 sdbg fma cx16 xtpr pdcm pcid sse4_1 sse4_2 x2apic movbe popcnt tsc_deadline_timer aes xsave avx f16c rdrand lahf_lm abm 3dnowprefetch cpuid_fault epb invpcid_single pti intel_pt tpr_shadow vnmi flexpriority ept vpid fsgsbase tsc_adjust bmi1 avx2 smep bmi2 erms invpcid mpx rdseed adx smap clflushopt xsaveopt xsavec xgetbv1 xsaves dtherm ida arat pln pts hwp hwp_notify hwp_act_window hwp_epp
bugs		: cpu_meltdown
bogomips	: 3601.00
clflush size	: 64
cache_alignment	: 64
address sizes	: 39 bits physical, 48 bits virtual
power management:

processor	: 6
vendor_id	: GenuineIntel
cpu family	: 6
model		: 142
model name	: Intel(R) Core(TM) i5-8250U CPU @ 1.60GHz
stepping	: 10
microcode	: 0x80
cpu MHz		: 3399.999
cache size	: 6144 KB
physical id	: 0
siblings	: 8
core id		: 2
cpu cores	: 4
apicid		: 5
initial apicid	: 5
fpu		: yes
fpu_exception	: yes
cpuid level	: 22
wp		: yes
flags		: fpu vme de pse tsc msr pae mce cx8 apic sep mtrr pge mca cmov pat pse36 clflush dts acpi mmx fxsr sse sse2 ss ht tm pbe syscall nx pdpe1gb rdtscp lm constant_tsc art arch_perfmon pebs bts rep_good nopl xtopology nonstop_tsc cpuid aperfmperf tsc_known_freq pni pclmulqdq dtes64 monitor ds_cpl vmx est tm2 ssse3 sdbg fma cx16 xtpr pdcm pcid sse4_1 sse4_2 x2apic movbe popcnt tsc_deadline_timer aes xsave avx f16c rdrand lahf_lm abm 3dnowprefetch cpuid_fault epb invpcid_single pti intel_pt tpr_shadow vnmi flexpriority ept vpid fsgsbase tsc_adjust bmi1 avx2 smep bmi2 erms invpcid mpx rdseed adx smap clflushopt xsaveopt xsavec xgetbv1 xsaves dtherm ida arat pln pts hwp hwp_notify hwp_act_window hwp_epp
bugs		: cpu_meltdown
bogomips	: 3601.00
clflush size	: 64
cache_alignment	: 64
address sizes	: 39 bits physical, 48 bits virtual
power management:

processor	: 7
vendor_id	: GenuineIntel
cpu family	: 6
model		: 142
model name	: Intel(R) Core(TM) i5-8250U CPU @ 1.60GHz
stepping	: 10
microcode	: 0x80
cpu MHz		: 3400.019
cache size	: 6144 KB
physical id	: 0
siblings	: 8
core id		: 3
cpu cores	: 4
apicid		: 7
initial apicid	: 7
fpu		: yes
fpu_exception	: yes
cpuid level	: 22
wp		: yes
flags		: fpu vme de pse tsc msr pae mce cx8 apic sep mtrr pge mca cmov pat pse36 clflush dts acpi mmx fxsr sse sse2 ss ht tm pbe syscall nx pdpe1gb rdtscp lm constant_tsc art arch_perfmon pebs bts rep_good nopl xtopology nonstop_tsc cpuid aperfmperf tsc_known_freq pni pclmulqdq dtes64 monitor ds_cpl vmx est tm2 ssse3 sdbg fma cx16 xtpr pdcm pcid sse4_1 sse4_2 x2apic movbe popcnt tsc_deadline_timer aes xsave avx f16c rdrand lahf_lm abm 3dnowprefetch cpuid_fault epb invpcid_single pti intel_pt tpr_shadow vnmi flexpriority ept vpid fsgsbase tsc_adjust bmi1 avx2 smep bmi2 erms invpcid mpx rdseed adx smap clflushopt xsaveopt xsavec xgetbv1 xsaves dtherm ida arat pln pts hwp hwp_notify hwp_act_window hwp_epp
bugs		: cpu_meltdown
bogomips	: 3601.00
clflush size	: 64
cache_alignment	: 64
address sizes	: 39 bits physical, 48 bits virtual
power management:



Memory: 4k page, physical 8052536k(2721396k free), swap 8388600k(704764k free)

vm_info: OpenJDK 64-Bit Server VM (25.152-b01) for linux-amd64 JRE (1.8.0_152-release-1024-b01), built by "builder" with gcc 4.8.4

time: Fri Jan 12 17:45:22 2018
elapsed time: 1619 seconds (0d 0h 26m 59s)

